0 verbose cli /usr/local/nvm/versions/node/v20.11.0/bin/node /usr/local/nvm/versions/node/v20.11.0/bin/npm
1 info using npm@10.4.0
2 info using node@v20.11.0
3 timing npm:load:whichnode Completed in 12ms
4 timing config:load:defaults Completed in 3ms
5 timing config:load:file:/usr/local/nvm/versions/node/v20.11.0/lib/node_modules/npm/npmrc Completed in 15ms
6 timing config:load:builtin Completed in 15ms
7 timing config:load:cli Completed in 3ms
8 timing config:load:env Completed in 0ms
9 timing config:load:project Completed in 0ms
10 timing config:load:file:/home/doritalduby/.npmrc Completed in 0ms
11 timing config:load:user Completed in 0ms
12 timing config:load:file:/usr/local/nvm/versions/node/v20.11.0/etc/npmrc Completed in 0ms
13 timing config:load:global Completed in 1ms
14 timing config:load:setEnvs Completed in 2ms
15 timing config:load Completed in 26ms
16 timing npm:load:configload Completed in 26ms
17 timing config:load:flatten Completed in 5ms
18 timing npm:load:mkdirpcache Completed in 0ms
19 timing npm:load:mkdirplogs Completed in 0ms
20 verbose title npm install npm@10.5.0
21 verbose argv "install" "--global" "npm@10.5.0"
22 timing npm:load:setTitle Completed in 1ms
23 timing npm:load:display Completed in 1ms
24 verbose logfile logs-max:10 dir:/home/doritalduby/.npm/_logs/2024-03-08T14_08_18_391Z-
25 verbose logfile /home/doritalduby/.npm/_logs/2024-03-08T14_08_18_391Z-debug-0.log
26 timing npm:load:logFile Completed in 12ms
27 timing npm:load:timers Completed in 0ms
28 timing npm:load:configScope Completed in 0ms
29 timing npm:load Completed in 86ms
30 timing config:load:flatten Completed in 0ms
31 silly logfile done cleaning log files
32 http fetch GET 200 https://registry.npmjs.org/npm 193ms (cache miss)
33 timing arborist:ctor Completed in 1ms
34 timing idealTree:init Completed in 8ms
35 timing idealTree:userRequests Completed in 2ms
36 silly idealTree buildDeps
37 silly fetch manifest npm@10.5.0
38 http fetch GET 200 https://registry.npmjs.org/npm 943ms (cache miss)
39 silly placeDep ROOT npm@10.5.0 OK for:  want: 10.5.0
40 timing idealTree:#root Completed in 1536ms
41 timing idealTree:node_modules/npm Completed in 0ms
42 timing idealTree:buildDeps Completed in 1538ms
43 timing idealTree:fixDepFlags Completed in 1ms
44 timing idealTree Completed in 1553ms
45 timing reify:loadTrees Completed in 1724ms
46 timing reify:diffTrees Completed in 7ms
47 silly reify mark retired [
47 silly reify   '/usr/local/nvm/versions/node/v20.11.0/lib/node_modules/npm',
47 silly reify   '/usr/local/nvm/versions/node/v20.11.0/bin/npm',
47 silly reify   '/usr/local/nvm/versions/node/v20.11.0/bin/npx'
47 silly reify ]
48 silly reify moves {
48 silly reify   '/usr/local/nvm/versions/node/v20.11.0/lib/node_modules/npm': '/usr/local/nvm/versions/node/v20.11.0/lib/node_modules/.npm-ZuzkNYcZ',
48 silly reify   '/usr/local/nvm/versions/node/v20.11.0/bin/npm': '/usr/local/nvm/versions/node/v20.11.0/bin/.npm-rhKZpK9D',
48 silly reify   '/usr/local/nvm/versions/node/v20.11.0/bin/npx': '/usr/local/nvm/versions/node/v20.11.0/bin/.npx-eq29qdmt'
48 silly reify }
49 timing reify:retireShallow Completed in 6048ms
50 timing reify:createSparse Completed in 1ms
51 silly tarball no local data for npm@https://registry.npmjs.org/npm/-/npm-10.5.0.tgz. Extracting by manifest.
52 http fetch GET 200 https://registry.npmjs.org/npm/-/npm-10.5.0.tgz 2168ms (cache miss)
53 timing reifyNode:node_modules/npm Completed in 2177ms
54 timing arborist:ctor Completed in 0ms
55 timing reify:diffTrees Completed in 13ms
56 timing reify:loadBundles Completed in 2509ms
57 timing reify:unpack Completed in 0ms
58 timing reify:unretire Completed in 1ms
59 timing build:queue Completed in 27ms
60 timing build:link:node_modules/npm/node_modules/@npmcli/arborist Completed in 18ms
61 timing build:link:node_modules/npm/node_modules/cross-spawn/node_modules/which Completed in 17ms
62 timing build:link:node_modules/npm Completed in 38ms
63 timing build:link:node_modules/npm/node_modules/@npmcli/installed-package-contents Completed in 19ms
64 timing build:link:node_modules/npm/node_modules/color-support Completed in 19ms
65 timing build:link:node_modules/npm/node_modules/cssesc Completed in 19ms
66 timing build:link:node_modules/npm/node_modules/glob Completed in 19ms
67 timing build:link:node_modules/npm/node_modules/mkdirp Completed in 19ms
68 timing build:link:node_modules/npm/node_modules/node-gyp Completed in 18ms
69 timing build:link:node_modules/npm/node_modules/nopt Completed in 18ms
70 timing build:link:node_modules/npm/node_modules/pacote Completed in 18ms
71 timing build:link:node_modules/npm/node_modules/qrcode-terminal Completed in 18ms
72 timing build:link:node_modules/npm/node_modules/which Completed in 18ms
73 timing build:link:node_modules/npm/node_modules/semver Completed in 18ms
74 timing build:link Completed in 38ms
75 timing build:deps Completed in 66ms
76 timing build Completed in 66ms
77 timing reify:build Completed in 67ms
78 timing reify:trash Completed in 233ms
79 timing reify Completed in 10612ms
80 silly CHANGE node_modules/npm
81 silly CHANGE node_modules/npm/node_modules/@sigstore/verify
82 silly CHANGE node_modules/npm/node_modules/@sigstore/tuf
83 silly CHANGE node_modules/npm/node_modules/@sigstore/sign
84 silly CHANGE node_modules/npm/node_modules/@sigstore/protobuf-specs
85 silly CHANGE node_modules/npm/node_modules/@sigstore/core
86 silly CHANGE node_modules/npm/node_modules/@sigstore/bundle
87 silly CHANGE node_modules/npm/node_modules/@npmcli/query
88 silly CHANGE node_modules/npm/node_modules/@npmcli/installed-package-contents
89 silly CHANGE node_modules/npm/node_modules/@npmcli/config
90 silly CHANGE node_modules/npm/node_modules/@npmcli/arborist
91 silly CHANGE node_modules/npm/node_modules/@npmcli/agent
92 silly CHANGE node_modules/npm/node_modules/which
93 silly CHANGE node_modules/npm/node_modules/qrcode-terminal
94 silly CHANGE node_modules/npm/node_modules/spdx-license-ids
95 silly CHANGE node_modules/npm/node_modules/spdx-exceptions
96 silly CHANGE node_modules/npm/node_modules/socks
97 silly CHANGE node_modules/npm/node_modules/sigstore
98 silly CHANGE node_modules/npm/node_modules/semver
99 silly CHANGE node_modules/npm/node_modules/pacote
100 silly CHANGE node_modules/npm/node_modules/libnpmpack
101 silly CHANGE node_modules/npm/node_modules/libnpmexec
102 silly CHANGE node_modules/npm/node_modules/libnpmdiff
103 silly CHANGE node_modules/npm/node_modules/nopt
104 silly CHANGE node_modules/npm/node_modules/node-gyp
105 silly CHANGE node_modules/npm/node_modules/mkdirp
106 silly CHANGE node_modules/npm/node_modules/lru-cache
107 silly CHANGE node_modules/npm/node_modules/libnpmfund
108 silly CHANGE node_modules/npm/node_modules/diff
109 silly CHANGE node_modules/npm/node_modules/cross-spawn/node_modules/which
110 silly REMOVE node_modules/npm/node_modules/ip
111 silly CHANGE node_modules/npm/node_modules/https-proxy-agent
112 silly CHANGE node_modules/npm/node_modules/http-proxy-agent
113 silly CHANGE node_modules/npm/node_modules/hasown
114 silly CHANGE node_modules/npm/node_modules/glob
115 silly CHANGE node_modules/npm/node_modules/cssesc
116 silly CHANGE node_modules/npm/node_modules/color-support
117 timing command:install Completed in 10864ms
118 verbose exit 0
119 timing npm Completed in 11174ms
120 info ok
