0 verbose cli /usr/local/nvm/versions/node/v20.11.0/bin/node /usr/local/nvm/versions/node/v20.11.0/lib/node_modules/npm/bin/npm-cli.js
1 info using npm@10.5.0
2 info using node@v20.11.0
3 timing npm:load:whichnode Completed in 22ms
4 timing config:load:defaults Completed in 3ms
5 timing config:load:file:/usr/local/nvm/versions/node/v20.11.0/lib/node_modules/npm/npmrc Completed in 1ms
6 timing config:load:builtin Completed in 1ms
7 timing config:load:cli Completed in 5ms
8 timing config:load:env Completed in 1ms
9 timing config:load:project Completed in 1ms
10 timing config:load:file:/home/doritalduby/.npmrc Completed in 0ms
11 timing config:load:user Completed in 0ms
12 timing config:load:file:/usr/local/nvm/versions/node/v20.11.0/etc/npmrc Completed in 0ms
13 timing config:load:global Completed in 0ms
14 timing config:load:setEnvs Completed in 2ms
15 timing config:load Completed in 14ms
16 timing npm:load:configload Completed in 14ms
17 timing config:load:flatten Completed in 4ms
18 timing npm:load:mkdirpcache Completed in 0ms
19 timing npm:load:mkdirplogs Completed in 0ms
20 verbose title npm exec create-react-app my-react-app
21 verbose argv "exec" "--" "create-react-app" "my-react-app"
22 timing npm:load:setTitle Completed in 1ms
23 timing npm:load:display Completed in 1ms
24 verbose logfile logs-max:10 dir:/home/doritalduby/.npm/_logs/2024-03-08T14_24_58_439Z-
25 verbose logfile /home/doritalduby/.npm/_logs/2024-03-08T14_24_58_439Z-debug-0.log
26 timing npm:load:logFile Completed in 12ms
27 timing npm:load:timers Completed in 0ms
28 timing npm:load:configScope Completed in 0ms
29 timing npm:load Completed in 90ms
30 timing arborist:ctor Completed in 1ms
31 silly logfile done cleaning log files
32 timing arborist:ctor Completed in 0ms
33 http fetch GET 200 https://registry.npmjs.org/create-react-app 832ms (cache miss)
34 timing arborist:ctor Completed in 0ms
35 timing arborist:ctor Completed in 0ms
36 timing arborist:ctor Completed in 0ms
37 timing idealTree:init Completed in 5ms
38 timing idealTree:userRequests Completed in 2ms
39 silly idealTree buildDeps
40 silly fetch manifest create-react-app@5.0.1
41 http fetch GET 200 https://registry.npmjs.org/create-react-app 228ms (cache miss)
42 silly placeDep ROOT create-react-app@5.0.1 OK for:  want: 5.0.1
43 silly fetch manifest chalk@^4.1.2
44 http fetch GET 200 https://registry.npmjs.org/chalk 46ms (cache miss)
45 silly fetch manifest commander@^4.1.1
46 http fetch GET 200 https://registry.npmjs.org/commander 60ms (cache miss)
47 silly fetch manifest cross-spawn@^7.0.3
48 http fetch GET 200 https://registry.npmjs.org/cross-spawn 37ms (cache miss)
49 silly fetch manifest envinfo@^7.8.1
50 http fetch GET 200 https://registry.npmjs.org/envinfo 40ms (cache miss)
51 silly fetch manifest fs-extra@^10.0.0
52 http fetch GET 200 https://registry.npmjs.org/fs-extra 46ms (cache miss)
53 silly fetch manifest hyperquest@^2.1.3
54 http fetch GET 200 https://registry.npmjs.org/hyperquest 36ms (cache miss)
55 silly fetch manifest prompts@^2.4.2
56 http fetch GET 200 https://registry.npmjs.org/prompts 33ms (cache miss)
57 silly fetch manifest semver@^7.3.5
58 http fetch GET 200 https://registry.npmjs.org/semver 38ms (cache miss)
59 silly fetch manifest tar-pack@^3.4.1
60 http fetch GET 200 https://registry.npmjs.org/tar-pack 31ms (cache miss)
61 silly fetch manifest tmp@^0.2.1
62 http fetch GET 200 https://registry.npmjs.org/tmp 48ms (cache miss)
63 silly fetch manifest validate-npm-package-name@^3.0.0
64 http fetch GET 200 https://registry.npmjs.org/validate-npm-package-name 38ms (cache miss)
65 timing idealTree:#root Completed in 761ms
66 silly placeDep ROOT chalk@4.1.2 OK for: create-react-app@5.0.1 want: ^4.1.2
67 silly placeDep ROOT commander@4.1.1 OK for: create-react-app@5.0.1 want: ^4.1.1
68 silly placeDep ROOT cross-spawn@7.0.3 OK for: create-react-app@5.0.1 want: ^7.0.3
69 silly placeDep ROOT envinfo@7.11.1 OK for: create-react-app@5.0.1 want: ^7.8.1
70 silly placeDep ROOT fs-extra@10.1.0 OK for: create-react-app@5.0.1 want: ^10.0.0
71 silly placeDep ROOT hyperquest@2.1.3 OK for: create-react-app@5.0.1 want: ^2.1.3
72 silly placeDep ROOT prompts@2.4.2 OK for: create-react-app@5.0.1 want: ^2.4.2
73 silly placeDep ROOT semver@7.6.0 OK for: create-react-app@5.0.1 want: ^7.3.5
74 silly placeDep ROOT tar-pack@3.4.1 OK for: create-react-app@5.0.1 want: ^3.4.1
75 silly placeDep ROOT tmp@0.2.3 OK for: create-react-app@5.0.1 want: ^0.2.1
76 silly placeDep ROOT validate-npm-package-name@3.0.0 OK for: create-react-app@5.0.1 want: ^3.0.0
77 silly fetch manifest ansi-styles@^4.1.0
78 http fetch GET 200 https://registry.npmjs.org/ansi-styles 35ms (cache miss)
79 silly fetch manifest supports-color@^7.1.0
80 http fetch GET 200 https://registry.npmjs.org/supports-color 45ms (cache miss)
81 silly fetch manifest path-key@^3.1.0
82 http fetch GET 200 https://registry.npmjs.org/path-key 28ms (cache miss)
83 silly fetch manifest shebang-command@^2.0.0
84 http fetch GET 200 https://registry.npmjs.org/shebang-command 32ms (cache miss)
85 silly fetch manifest which@^2.0.1
86 http fetch GET 200 https://registry.npmjs.org/which 29ms (cache miss)
87 silly fetch manifest graceful-fs@^4.2.0
88 http fetch GET 200 https://registry.npmjs.org/graceful-fs 38ms (cache miss)
89 silly fetch manifest jsonfile@^6.0.1
90 http fetch GET 200 https://registry.npmjs.org/jsonfile 32ms (cache miss)
91 silly fetch manifest universalify@^2.0.0
92 http fetch GET 200 https://registry.npmjs.org/universalify 51ms (cache miss)
93 silly fetch manifest buffer-from@^0.1.1
94 http fetch GET 200 https://registry.npmjs.org/buffer-from 44ms (cache miss)
95 silly fetch manifest duplexer2@~0.0.2
96 http fetch GET 200 https://registry.npmjs.org/duplexer2 31ms (cache miss)
97 silly fetch manifest through2@~0.6.3
98 http fetch GET 200 https://registry.npmjs.org/through2 38ms (cache miss)
99 silly fetch manifest kleur@^3.0.3
100 http fetch GET 200 https://registry.npmjs.org/kleur 29ms (cache miss)
101 silly fetch manifest sisteransi@^1.0.5
102 http fetch GET 200 https://registry.npmjs.org/sisteransi 39ms (cache miss)
103 silly fetch manifest lru-cache@^6.0.0
104 http fetch GET 200 https://registry.npmjs.org/lru-cache 42ms (cache miss)
105 silly fetch manifest debug@^2.2.0
106 http fetch GET 200 https://registry.npmjs.org/debug 38ms (cache revalidated)
107 silly fetch manifest fstream@^1.0.10
108 http fetch GET 200 https://registry.npmjs.org/fstream 58ms (cache miss)
109 silly fetch manifest fstream-ignore@^1.0.5
110 http fetch GET 200 https://registry.npmjs.org/fstream-ignore 31ms (cache miss)
111 silly fetch manifest once@^1.3.3
112 http fetch GET 200 https://registry.npmjs.org/once 29ms (cache miss)
113 silly fetch manifest readable-stream@^2.1.4
114 http fetch GET 200 https://registry.npmjs.org/readable-stream 33ms (cache miss)
115 silly fetch manifest rimraf@^2.5.1
116 http fetch GET 200 https://registry.npmjs.org/rimraf 46ms (cache miss)
117 silly fetch manifest tar@^2.2.1
118 http fetch GET 200 https://registry.npmjs.org/tar 55ms (cache miss)
119 silly fetch manifest uid-number@^0.0.6
120 http fetch GET 200 https://registry.npmjs.org/uid-number 42ms (cache miss)
121 silly fetch manifest builtins@^1.0.3
122 http fetch GET 200 https://registry.npmjs.org/builtins 34ms (cache miss)
123 timing idealTree:node_modules/create-react-app Completed in 1003ms
124 silly placeDep ROOT ansi-styles@4.3.0 OK for: chalk@4.1.2 want: ^4.1.0
125 silly placeDep ROOT supports-color@7.2.0 OK for: chalk@4.1.2 want: ^7.1.0
126 silly fetch manifest color-convert@^2.0.1
127 http fetch GET 200 https://registry.npmjs.org/color-convert 29ms (cache miss)
128 silly fetch manifest has-flag@^4.0.0
129 http fetch GET 200 https://registry.npmjs.org/has-flag 31ms (cache miss)
130 timing idealTree:node_modules/chalk Completed in 71ms
131 silly placeDep ROOT color-convert@2.0.1 OK for: ansi-styles@4.3.0 want: ^2.0.1
132 silly fetch manifest color-name@~1.1.4
133 http fetch GET 200 https://registry.npmjs.org/color-name 34ms (cache miss)
134 timing idealTree:node_modules/ansi-styles Completed in 41ms
135 silly placeDep ROOT color-name@1.1.4 OK for: color-convert@2.0.1 want: ~1.1.4
136 timing idealTree:node_modules/color-convert Completed in 2ms
137 timing idealTree:node_modules/color-name Completed in 0ms
138 timing idealTree:node_modules/commander Completed in 1ms
139 silly placeDep ROOT path-key@3.1.1 OK for: cross-spawn@7.0.3 want: ^3.1.0
140 silly placeDep ROOT shebang-command@2.0.0 OK for: cross-spawn@7.0.3 want: ^2.0.0
141 silly placeDep ROOT which@2.0.2 OK for: cross-spawn@7.0.3 want: ^2.0.1
142 silly fetch manifest shebang-regex@^3.0.0
143 http fetch GET 200 https://registry.npmjs.org/shebang-regex 32ms (cache miss)
144 silly fetch manifest isexe@^2.0.0
145 http fetch GET 200 https://registry.npmjs.org/isexe 28ms (cache miss)
146 timing idealTree:node_modules/cross-spawn Completed in 70ms
147 timing idealTree:node_modules/envinfo Completed in 0ms
148 silly placeDep ROOT graceful-fs@4.2.11 OK for: fs-extra@10.1.0 want: ^4.2.0
149 silly placeDep ROOT jsonfile@6.1.0 OK for: fs-extra@10.1.0 want: ^6.0.1
150 silly placeDep ROOT universalify@2.0.1 OK for: fs-extra@10.1.0 want: ^2.0.0
151 timing idealTree:node_modules/fs-extra Completed in 6ms
152 timing idealTree:node_modules/graceful-fs Completed in 0ms
153 silly placeDep ROOT buffer-from@0.1.2 OK for: hyperquest@2.1.3 want: ^0.1.1
154 silly placeDep ROOT duplexer2@0.0.2 OK for: hyperquest@2.1.3 want: ~0.0.2
155 silly placeDep ROOT through2@0.6.5 OK for: hyperquest@2.1.3 want: ~0.6.3
156 silly fetch manifest readable-stream@~1.1.9
157 silly fetch manifest readable-stream@>=1.0.33-1 <1.1.0-0
158 silly fetch manifest xtend@>=4.0.0 <4.1.0-0
159 http fetch GET 200 https://registry.npmjs.org/xtend 44ms (cache miss)
160 timing idealTree:node_modules/hyperquest Completed in 54ms
161 timing idealTree:node_modules/buffer-from Completed in 0ms
162 silly placeDep ROOT readable-stream@1.1.14 OK for: duplexer2@0.0.2 want: ~1.1.9
163 silly fetch manifest core-util-is@~1.0.0
164 http fetch GET 200 https://registry.npmjs.org/core-util-is 27ms (cache miss)
165 silly fetch manifest isarray@0.0.1
166 http fetch GET 200 https://registry.npmjs.org/isarray 48ms (cache miss)
167 silly fetch manifest string_decoder@~0.10.x
168 http fetch GET 200 https://registry.npmjs.org/string_decoder 28ms (cache miss)
169 silly fetch manifest inherits@~2.0.1
170 http fetch GET 200 https://registry.npmjs.org/inherits 31ms (cache revalidated)
171 timing idealTree:node_modules/duplexer2 Completed in 150ms
172 timing idealTree:node_modules/jsonfile Completed in 0ms
173 timing idealTree:node_modules/path-key Completed in 0ms
174 silly placeDep ROOT kleur@3.0.3 OK for: prompts@2.4.2 want: ^3.0.3
175 silly placeDep ROOT sisteransi@1.0.5 OK for: prompts@2.4.2 want: ^1.0.5
176 timing idealTree:node_modules/prompts Completed in 5ms
177 timing idealTree:node_modules/kleur Completed in 0ms
178 silly placeDep ROOT core-util-is@1.0.3 OK for: readable-stream@1.1.14 want: ~1.0.0
179 silly placeDep ROOT inherits@2.0.4 OK for: readable-stream@1.1.14 want: ~2.0.1
180 silly placeDep ROOT isarray@0.0.1 OK for: readable-stream@1.1.14 want: 0.0.1
181 silly placeDep ROOT string_decoder@0.10.31 OK for: readable-stream@1.1.14 want: ~0.10.x
182 timing idealTree:node_modules/readable-stream Completed in 7ms
183 timing idealTree:node_modules/core-util-is Completed in 0ms
184 timing idealTree:node_modules/inherits Completed in 0ms
185 timing idealTree:node_modules/isarray Completed in 0ms
186 silly placeDep ROOT lru-cache@6.0.0 OK for: semver@7.6.0 want: ^6.0.0
187 silly fetch manifest yallist@^4.0.0
188 http fetch GET 200 https://registry.npmjs.org/yallist 39ms (cache miss)
189 timing idealTree:node_modules/semver Completed in 43ms
190 silly placeDep ROOT yallist@4.0.0 OK for: lru-cache@6.0.0 want: ^4.0.0
191 timing idealTree:node_modules/lru-cache Completed in 2ms
192 silly placeDep ROOT shebang-regex@3.0.0 OK for: shebang-command@2.0.0 want: ^3.0.0
193 timing idealTree:node_modules/shebang-command Completed in 2ms
194 timing idealTree:node_modules/shebang-regex Completed in 0ms
195 timing idealTree:node_modules/sisteransi Completed in 0ms
196 timing idealTree:node_modules/string_decoder Completed in 0ms
197 silly placeDep ROOT has-flag@4.0.0 OK for: supports-color@7.2.0 want: ^4.0.0
198 timing idealTree:node_modules/supports-color Completed in 1ms
199 timing idealTree:node_modules/has-flag Completed in 0ms
200 silly placeDep ROOT debug@2.6.9 OK for: tar-pack@3.4.1 want: ^2.2.0
201 silly placeDep ROOT fstream@1.0.12 OK for: tar-pack@3.4.1 want: ^1.0.10
202 silly placeDep ROOT fstream-ignore@1.0.5 OK for: tar-pack@3.4.1 want: ^1.0.5
203 silly placeDep ROOT once@1.4.0 OK for: tar-pack@3.4.1 want: ^1.3.3
204 silly placeDep node_modules/tar-pack readable-stream@2.3.8 OK for: tar-pack@3.4.1 want: ^2.1.4
205 silly placeDep ROOT rimraf@2.7.1 OK for: tar-pack@3.4.1 want: ^2.5.1
206 silly placeDep ROOT tar@2.2.2 OK for: tar-pack@3.4.1 want: ^2.2.1
207 silly placeDep ROOT uid-number@0.0.6 OK for: tar-pack@3.4.1 want: ^0.0.6
208 silly fetch manifest ms@2.0.0
209 http fetch GET 200 https://registry.npmjs.org/ms 41ms (cache revalidated)
210 silly fetch manifest mkdirp@>=0.5 0
211 http fetch GET 200 https://registry.npmjs.org/mkdirp 50ms (cache miss)
212 silly fetch manifest rimraf@2
213 silly fetch manifest minimatch@^3.0.0
214 http fetch GET 200 https://registry.npmjs.org/minimatch 41ms (cache miss)
215 silly fetch manifest wrappy@1
216 http fetch GET 200 https://registry.npmjs.org/wrappy 35ms (cache miss)
217 silly fetch manifest isarray@~1.0.0
218 silly fetch manifest process-nextick-args@~2.0.0
219 http fetch GET 200 https://registry.npmjs.org/process-nextick-args 29ms (cache miss)
220 silly fetch manifest safe-buffer@~5.1.1
221 http fetch GET 200 https://registry.npmjs.org/safe-buffer 26ms (cache revalidated)
222 silly fetch manifest string_decoder@~1.1.1
223 silly fetch manifest util-deprecate@~1.0.1
224 http fetch GET 200 https://registry.npmjs.org/util-deprecate 35ms (cache miss)
225 silly fetch manifest glob@^7.1.3
226 http fetch GET 200 https://registry.npmjs.org/glob 56ms (cache miss)
227 silly fetch manifest block-stream@*
228 http fetch GET 200 https://registry.npmjs.org/block-stream 689ms (cache miss)
229 timing idealTree:node_modules/tar-pack Completed in 1065ms
230 silly placeDep ROOT ms@2.0.0 OK for: debug@2.6.9 want: 2.0.0
231 timing idealTree:node_modules/debug Completed in 2ms
232 silly placeDep ROOT mkdirp@0.5.6 OK for: fstream@1.0.12 want: >=0.5 0
233 silly fetch manifest minimist@^1.2.6
234 http fetch GET 200 https://registry.npmjs.org/minimist 35ms (cache miss)
235 timing idealTree:node_modules/fstream Completed in 41ms
236 silly placeDep ROOT minimatch@3.1.2 OK for: fstream-ignore@1.0.5 want: ^3.0.0
237 silly fetch manifest brace-expansion@^1.1.7
238 http fetch GET 200 https://registry.npmjs.org/brace-expansion 38ms (cache miss)
239 timing idealTree:node_modules/fstream-ignore Completed in 43ms
240 silly placeDep ROOT brace-expansion@1.1.11 OK for: minimatch@3.1.2 want: ^1.1.7
241 silly fetch manifest balanced-match@^1.0.0
242 http fetch GET 200 https://registry.npmjs.org/balanced-match 37ms (cache miss)
243 silly fetch manifest concat-map@0.0.1
244 http fetch GET 200 https://registry.npmjs.org/concat-map 46ms (cache miss)
245 timing idealTree:node_modules/minimatch Completed in 92ms
246 silly placeDep ROOT balanced-match@1.0.2 OK for: brace-expansion@1.1.11 want: ^1.0.0
247 silly placeDep ROOT concat-map@0.0.1 OK for: brace-expansion@1.1.11 want: 0.0.1
248 timing idealTree:node_modules/brace-expansion Completed in 4ms
249 timing idealTree:node_modules/balanced-match Completed in 0ms
250 timing idealTree:node_modules/concat-map Completed in 0ms
251 silly placeDep ROOT minimist@1.2.8 OK for: mkdirp@0.5.6 want: ^1.2.6
252 timing idealTree:node_modules/mkdirp Completed in 2ms
253 timing idealTree:node_modules/minimist Completed in 0ms
254 timing idealTree:node_modules/ms Completed in 0ms
255 silly placeDep ROOT wrappy@1.0.2 OK for: once@1.4.0 want: 1
256 timing idealTree:node_modules/once Completed in 2ms
257 silly placeDep ROOT glob@7.2.3 OK for: rimraf@2.7.1 want: ^7.1.3
258 silly fetch manifest fs.realpath@^1.0.0
259 http fetch GET 200 https://registry.npmjs.org/fs.realpath 147ms (cache miss)
260 silly fetch manifest inflight@^1.0.4
261 http fetch GET 200 https://registry.npmjs.org/inflight 35ms (cache miss)
262 silly fetch manifest path-is-absolute@^1.0.0
263 http fetch GET 200 https://registry.npmjs.org/path-is-absolute 36ms (cache miss)
264 timing idealTree:node_modules/rimraf Completed in 228ms
265 silly placeDep ROOT fs.realpath@1.0.0 OK for: glob@7.2.3 want: ^1.0.0
266 silly placeDep ROOT inflight@1.0.6 OK for: glob@7.2.3 want: ^1.0.4
267 silly placeDep ROOT path-is-absolute@1.0.1 OK for: glob@7.2.3 want: ^1.0.0
268 timing idealTree:node_modules/glob Completed in 6ms
269 timing idealTree:node_modules/fs.realpath Completed in 0ms
270 timing idealTree:node_modules/inflight Completed in 0ms
271 timing idealTree:node_modules/path-is-absolute Completed in 0ms
272 silly placeDep ROOT block-stream@0.0.9 OK for: tar@2.2.2 want: *
273 timing idealTree:node_modules/tar Completed in 2ms
274 timing idealTree:node_modules/block-stream Completed in 0ms
275 silly placeDep node_modules/through2 readable-stream@1.0.34 OK for: through2@0.6.5 want: >=1.0.33-1 <1.1.0-0
276 silly placeDep ROOT xtend@4.0.2 OK for: through2@0.6.5 want: >=4.0.0 <4.1.0-0
277 timing idealTree:node_modules/through2 Completed in 3ms
278 timing idealTree:node_modules/tmp Completed in 0ms
279 timing idealTree:node_modules/uid-number Completed in 0ms
280 timing idealTree:node_modules/universalify Completed in 0ms
281 silly placeDep ROOT builtins@1.0.3 OK for: validate-npm-package-name@3.0.0 want: ^1.0.3
282 timing idealTree:node_modules/validate-npm-package-name Completed in 1ms
283 timing idealTree:node_modules/builtins Completed in 0ms
284 silly placeDep ROOT isexe@2.0.0 OK for: which@2.0.2 want: ^2.0.0
285 timing idealTree:node_modules/which Completed in 1ms
286 timing idealTree:node_modules/isexe Completed in 0ms
287 timing idealTree:node_modules/wrappy Completed in 0ms
288 timing idealTree:node_modules/xtend Completed in 0ms
289 timing idealTree:node_modules/yallist Completed in 0ms
290 silly placeDep node_modules/tar-pack isarray@1.0.0 OK for: readable-stream@2.3.8 want: ~1.0.0
291 silly placeDep ROOT process-nextick-args@2.0.1 OK for: readable-stream@2.3.8 want: ~2.0.0
292 silly placeDep ROOT safe-buffer@5.1.2 OK for: readable-stream@2.3.8 want: ~5.1.1
293 silly placeDep node_modules/tar-pack string_decoder@1.1.1 OK for: readable-stream@2.3.8 want: ~1.1.1
294 silly placeDep ROOT util-deprecate@1.0.2 OK for: readable-stream@2.3.8 want: ~1.0.1
295 timing idealTree:node_modules/tar-pack/node_modules/readable-stream Completed in 7ms
296 timing idealTree:node_modules/process-nextick-args Completed in 0ms
297 timing idealTree:node_modules/safe-buffer Completed in 0ms
298 timing idealTree:node_modules/util-deprecate Completed in 0ms
299 timing idealTree:node_modules/tar-pack/node_modules/isarray Completed in 0ms
300 timing idealTree:node_modules/tar-pack/node_modules/string_decoder Completed in 0ms
301 timing idealTree:node_modules/through2/node_modules/readable-stream Completed in 0ms
302 timing idealTree:buildDeps Completed in 3725ms
303 timing idealTree:fixDepFlags Completed in 2ms
304 timing idealTree Completed in 3737ms
305 timing reify:loadTrees Completed in 3738ms
306 timing reify:diffTrees Completed in 9ms
307 silly reify moves {}
308 timing reify:retireShallow Completed in 1ms
309 timing reify:createSparse Completed in 11ms
310 timing reify:loadBundles Completed in 0ms
311 silly audit bulk request {
311 silly audit   'create-react-app': [ '5.0.1' ],
311 silly audit   chalk: [ '4.1.2' ],
311 silly audit   commander: [ '4.1.1' ],
311 silly audit   'cross-spawn': [ '7.0.3' ],
311 silly audit   envinfo: [ '7.11.1' ],
311 silly audit   'fs-extra': [ '10.1.0' ],
311 silly audit   hyperquest: [ '2.1.3' ],
311 silly audit   prompts: [ '2.4.2' ],
311 silly audit   semver: [ '7.6.0' ],
311 silly audit   'tar-pack': [ '3.4.1' ],
311 silly audit   tmp: [ '0.2.3' ],
311 silly audit   'validate-npm-package-name': [ '3.0.0' ],
311 silly audit   'ansi-styles': [ '4.3.0' ],
311 silly audit   'supports-color': [ '7.2.0' ],
311 silly audit   'color-convert': [ '2.0.1' ],
311 silly audit   'color-name': [ '1.1.4' ],
311 silly audit   'path-key': [ '3.1.1' ],
311 silly audit   'shebang-command': [ '2.0.0' ],
311 silly audit   which: [ '2.0.2' ],
311 silly audit   'graceful-fs': [ '4.2.11' ],
311 silly audit   jsonfile: [ '6.1.0' ],
311 silly audit   universalify: [ '2.0.1' ],
311 silly audit   'buffer-from': [ '0.1.2' ],
311 silly audit   duplexer2: [ '0.0.2' ],
311 silly audit   through2: [ '0.6.5' ],
311 silly audit   'readable-stream': [ '1.1.14', '2.3.8', '1.0.34' ],
311 silly audit   kleur: [ '3.0.3' ],
311 silly audit   sisteransi: [ '1.0.5' ],
311 silly audit   'core-util-is': [ '1.0.3' ],
311 silly audit   inherits: [ '2.0.4' ],
311 silly audit   isarray: [ '0.0.1', '1.0.0' ],
311 silly audit   string_decoder: [ '0.10.31', '1.1.1' ],
311 silly audit   'lru-cache': [ '6.0.0' ],
311 silly audit   yallist: [ '4.0.0' ],
311 silly audit   'shebang-regex': [ '3.0.0' ],
311 silly audit   'has-flag': [ '4.0.0' ],
311 silly audit   debug: [ '2.6.9' ],
311 silly audit   fstream: [ '1.0.12' ],
311 silly audit   'fstream-ignore': [ '1.0.5' ],
311 silly audit   once: [ '1.4.0' ],
311 silly audit   rimraf: [ '2.7.1' ],
311 silly audit   tar: [ '2.2.2' ],
311 silly audit   'uid-number': [ '0.0.6' ],
311 silly audit   ms: [ '2.0.0' ],
311 silly audit   mkdirp: [ '0.5.6' ],
311 silly audit   minimatch: [ '3.1.2' ],
311 silly audit   'brace-expansion': [ '1.1.11' ],
311 silly audit   'balanced-match': [ '1.0.2' ],
311 silly audit   'concat-map': [ '0.0.1' ],
311 silly audit   minimist: [ '1.2.8' ],
311 silly audit   wrappy: [ '1.0.2' ],
311 silly audit   glob: [ '7.2.3' ],
311 silly audit   'fs.realpath': [ '1.0.0' ],
311 silly audit   inflight: [ '1.0.6' ],
311 silly audit   'path-is-absolute': [ '1.0.1' ],
311 silly audit   'block-stream': [ '0.0.9' ],
311 silly audit   xtend: [ '4.0.2' ],
311 silly audit   builtins: [ '1.0.3' ],
311 silly audit   isexe: [ '2.0.0' ],
311 silly audit   'process-nextick-args': [ '2.0.1' ],
311 silly audit   'safe-buffer': [ '5.1.2' ],
311 silly audit   'util-deprecate': [ '1.0.2' ]
311 silly audit }
312 silly tarball no local data for util-deprecate@https://registry.npmjs.org/util-deprecate/-/util-deprecate-1.0.2.tgz. Extracting by manifest.
313 silly tarball no local data for process-nextick-args@https://registry.npmjs.org/process-nextick-args/-/process-nextick-args-2.0.1.tgz. Extracting by manifest.
314 silly tarball no local data for safe-buffer@https://registry.npmjs.org/safe-buffer/-/safe-buffer-5.1.2.tgz. Extracting by manifest.
315 silly tarball no local data for isexe@https://registry.npmjs.org/isexe/-/isexe-2.0.0.tgz. Extracting by manifest.
316 silly tarball no local data for builtins@https://registry.npmjs.org/builtins/-/builtins-1.0.3.tgz. Extracting by manifest.
317 silly tarball no local data for xtend@https://registry.npmjs.org/xtend/-/xtend-4.0.2.tgz. Extracting by manifest.
318 silly tarball no local data for block-stream@https://registry.npmjs.org/block-stream/-/block-stream-0.0.9.tgz. Extracting by manifest.
319 silly tarball no local data for path-is-absolute@https://registry.npmjs.org/path-is-absolute/-/path-is-absolute-1.0.1.tgz. Extracting by manifest.
320 silly tarball no local data for inflight@https://registry.npmjs.org/inflight/-/inflight-1.0.6.tgz. Extracting by manifest.
321 silly tarball no local data for fs.realpath@https://registry.npmjs.org/fs.realpath/-/fs.realpath-1.0.0.tgz. Extracting by manifest.
322 silly tarball no local data for glob@https://registry.npmjs.org/glob/-/glob-7.2.3.tgz. Extracting by manifest.
323 silly tarball no local data for wrappy@https://registry.npmjs.org/wrappy/-/wrappy-1.0.2.tgz. Extracting by manifest.
324 silly tarball no local data for minimist@https://registry.npmjs.org/minimist/-/minimist-1.2.8.tgz. Extracting by manifest.
325 silly tarball no local data for concat-map@https://registry.npmjs.org/concat-map/-/concat-map-0.0.1.tgz. Extracting by manifest.
326 silly tarball no local data for balanced-match@https://registry.npmjs.org/balanced-match/-/balanced-match-1.0.2.tgz. Extracting by manifest.
327 silly tarball no local data for brace-expansion@https://registry.npmjs.org/brace-expansion/-/brace-expansion-1.1.11.tgz. Extracting by manifest.
328 silly tarball no local data for minimatch@https://registry.npmjs.org/minimatch/-/minimatch-3.1.2.tgz. Extracting by manifest.
329 silly tarball no local data for mkdirp@https://registry.npmjs.org/mkdirp/-/mkdirp-0.5.6.tgz. Extracting by manifest.
330 silly tarball no local data for uid-number@https://registry.npmjs.org/uid-number/-/uid-number-0.0.6.tgz. Extracting by manifest.
331 silly tarball no local data for tar@https://registry.npmjs.org/tar/-/tar-2.2.2.tgz. Extracting by manifest.
332 silly tarball no local data for rimraf@https://registry.npmjs.org/rimraf/-/rimraf-2.7.1.tgz. Extracting by manifest.
333 silly tarball no local data for once@https://registry.npmjs.org/once/-/once-1.4.0.tgz. Extracting by manifest.
334 silly tarball no local data for fstream-ignore@https://registry.npmjs.org/fstream-ignore/-/fstream-ignore-1.0.5.tgz. Extracting by manifest.
335 silly tarball no local data for fstream@https://registry.npmjs.org/fstream/-/fstream-1.0.12.tgz. Extracting by manifest.
336 silly tarball no local data for has-flag@https://registry.npmjs.org/has-flag/-/has-flag-4.0.0.tgz. Extracting by manifest.
337 silly tarball no local data for shebang-regex@https://registry.npmjs.org/shebang-regex/-/shebang-regex-3.0.0.tgz. Extracting by manifest.
338 silly tarball no local data for yallist@https://registry.npmjs.org/yallist/-/yallist-4.0.0.tgz. Extracting by manifest.
339 silly tarball no local data for lru-cache@https://registry.npmjs.org/lru-cache/-/lru-cache-6.0.0.tgz. Extracting by manifest.
340 silly tarball no local data for string_decoder@https://registry.npmjs.org/string_decoder/-/string_decoder-0.10.31.tgz. Extracting by manifest.
341 silly tarball no local data for isarray@https://registry.npmjs.org/isarray/-/isarray-0.0.1.tgz. Extracting by manifest.
342 silly tarball no local data for core-util-is@https://registry.npmjs.org/core-util-is/-/core-util-is-1.0.3.tgz. Extracting by manifest.
343 silly tarball no local data for sisteransi@https://registry.npmjs.org/sisteransi/-/sisteransi-1.0.5.tgz. Extracting by manifest.
344 silly tarball no local data for kleur@https://registry.npmjs.org/kleur/-/kleur-3.0.3.tgz. Extracting by manifest.
345 silly tarball no local data for readable-stream@https://registry.npmjs.org/readable-stream/-/readable-stream-1.1.14.tgz. Extracting by manifest.
346 silly tarball no local data for through2@https://registry.npmjs.org/through2/-/through2-0.6.5.tgz. Extracting by manifest.
347 silly tarball no local data for duplexer2@https://registry.npmjs.org/duplexer2/-/duplexer2-0.0.2.tgz. Extracting by manifest.
348 silly tarball no local data for buffer-from@https://registry.npmjs.org/buffer-from/-/buffer-from-0.1.2.tgz. Extracting by manifest.
349 silly tarball no local data for jsonfile@https://registry.npmjs.org/jsonfile/-/jsonfile-6.1.0.tgz. Extracting by manifest.
350 silly tarball no local data for universalify@https://registry.npmjs.org/universalify/-/universalify-2.0.1.tgz. Extracting by manifest.
351 silly tarball no local data for which@https://registry.npmjs.org/which/-/which-2.0.2.tgz. Extracting by manifest.
352 silly tarball no local data for graceful-fs@https://registry.npmjs.org/graceful-fs/-/graceful-fs-4.2.11.tgz. Extracting by manifest.
353 silly tarball no local data for shebang-command@https://registry.npmjs.org/shebang-command/-/shebang-command-2.0.0.tgz. Extracting by manifest.
354 silly tarball no local data for color-convert@https://registry.npmjs.org/color-convert/-/color-convert-2.0.1.tgz. Extracting by manifest.
355 silly tarball no local data for path-key@https://registry.npmjs.org/path-key/-/path-key-3.1.1.tgz. Extracting by manifest.
356 silly tarball no local data for color-name@https://registry.npmjs.org/color-name/-/color-name-1.1.4.tgz. Extracting by manifest.
357 silly tarball no local data for ansi-styles@https://registry.npmjs.org/ansi-styles/-/ansi-styles-4.3.0.tgz. Extracting by manifest.
358 silly tarball no local data for supports-color@https://registry.npmjs.org/supports-color/-/supports-color-7.2.0.tgz. Extracting by manifest.
359 silly tarball no local data for validate-npm-package-name@https://registry.npmjs.org/validate-npm-package-name/-/validate-npm-package-name-3.0.0.tgz. Extracting by manifest.
360 silly tarball no local data for tar-pack@https://registry.npmjs.org/tar-pack/-/tar-pack-3.4.1.tgz. Extracting by manifest.
361 silly tarball no local data for semver@https://registry.npmjs.org/semver/-/semver-7.6.0.tgz. Extracting by manifest.
362 silly tarball no local data for tmp@https://registry.npmjs.org/tmp/-/tmp-0.2.3.tgz. Extracting by manifest.
363 silly tarball no local data for prompts@https://registry.npmjs.org/prompts/-/prompts-2.4.2.tgz. Extracting by manifest.
364 silly tarball no local data for hyperquest@https://registry.npmjs.org/hyperquest/-/hyperquest-2.1.3.tgz. Extracting by manifest.
365 silly tarball no local data for fs-extra@https://registry.npmjs.org/fs-extra/-/fs-extra-10.1.0.tgz. Extracting by manifest.
366 silly tarball no local data for envinfo@https://registry.npmjs.org/envinfo/-/envinfo-7.11.1.tgz. Extracting by manifest.
367 silly tarball no local data for cross-spawn@https://registry.npmjs.org/cross-spawn/-/cross-spawn-7.0.3.tgz. Extracting by manifest.
368 silly tarball no local data for commander@https://registry.npmjs.org/commander/-/commander-4.1.1.tgz. Extracting by manifest.
369 silly tarball no local data for chalk@https://registry.npmjs.org/chalk/-/chalk-4.1.2.tgz. Extracting by manifest.
370 silly tarball no local data for create-react-app@https://registry.npmjs.org/create-react-app/-/create-react-app-5.0.1.tgz. Extracting by manifest.
371 silly tarball no local data for readable-stream@https://registry.npmjs.org/readable-stream/-/readable-stream-1.0.34.tgz. Extracting by manifest.
372 silly tarball no local data for string_decoder@https://registry.npmjs.org/string_decoder/-/string_decoder-1.1.1.tgz. Extracting by manifest.
373 silly tarball no local data for readable-stream@https://registry.npmjs.org/readable-stream/-/readable-stream-2.3.8.tgz. Extracting by manifest.
374 silly tarball no local data for isarray@https://registry.npmjs.org/isarray/-/isarray-1.0.0.tgz. Extracting by manifest.
375 http fetch POST 200 https://registry.npmjs.org/-/npm/v1/security/advisories/bulk 335ms
376 timing auditReport:getReport Completed in 340ms
377 silly audit report {
377 silly audit report   tar: [
377 silly audit report     {
377 silly audit report       id: 1089685,
377 silly audit report       url: 'https://github.com/advisories/GHSA-3jfq-g458-7qm9',
377 silly audit report       title: 'Arbitrary File Creation/Overwrite due to insufficient absolute path sanitization',
377 silly audit report       severity: 'high',
377 silly audit report       vulnerable_versions: '<3.2.2',
377 silly audit report       cwe: [Array],
377 silly audit report       cvss: [Object]
377 silly audit report     },
377 silly audit report     {
377 silly audit report       id: 1095117,
377 silly audit report       url: 'https://github.com/advisories/GHSA-5955-9wpr-37jh',
377 silly audit report       title: 'Arbitrary File Creation/Overwrite on Windows via insufficient relative path sanitization',
377 silly audit report       severity: 'high',
377 silly audit report       vulnerable_versions: '<4.4.18',
377 silly audit report       cwe: [Array],
377 silly audit report       cvss: [Object]
377 silly audit report     }
377 silly audit report   ]
377 silly audit report }
378 timing metavuln:packument:tar Completed in 1ms
379 timing metavuln:cache:get:security-advisory:tar:Oa066nJpV2ox85F6qnk1N5eWmAmoWAMU7byYhWk4oYfHYrQ8aGHfCKRikfcy0dHDcKWKiPRc7Nz7R9fxKkj0Yw== Completed in 55ms
380 timing metavuln:load:security-advisory:tar:1089685 Completed in 8ms
381 timing metavuln:cache:get:security-advisory:tar:2lGtz15Gs28nRX11iCY/mSa25Ky4CfNVzD5qptDvtqdkLXPb/znmxdJ/4OrOyJZ2qQgFtnfxP9ee2xfimUMfuw== Completed in 64ms
382 timing metavuln:load:security-advisory:tar:1095117 Completed in 18ms
383 timing reifyNode:node_modules/ms Completed in 981ms
384 timing reifyNode:node_modules/inherits Completed in 1010ms
385 http fetch GET 200 https://registry.npmjs.org/once/-/once-1.4.0.tgz 1047ms (cache miss)
386 timing reifyNode:node_modules/once Completed in 1135ms
387 http fetch GET 200 https://registry.npmjs.org/buffer-from/-/buffer-from-0.1.2.tgz 1044ms (cache miss)
388 timing reifyNode:node_modules/buffer-from Completed in 1152ms
389 http fetch GET 200 https://registry.npmjs.org/process-nextick-args/-/process-nextick-args-2.0.1.tgz 1104ms (cache miss)
390 timing reifyNode:node_modules/process-nextick-args Completed in 1154ms
391 timing metavuln:cache:put:security-advisory:tar:2lGtz15Gs28nRX11iCY/mSa25Ky4CfNVzD5qptDvtqdkLXPb/znmxdJ/4OrOyJZ2qQgFtnfxP9ee2xfimUMfuw== Completed in 744ms
392 timing metavuln:calculate:security-advisory:tar:1095117 Completed in 826ms
393 http fetch GET 200 https://registry.npmjs.org/sisteransi/-/sisteransi-1.0.5.tgz 1061ms (cache miss)
394 timing reifyNode:node_modules/sisteransi Completed in 1162ms
395 timing metavuln:cache:put:security-advisory:tar:Oa066nJpV2ox85F6qnk1N5eWmAmoWAMU7byYhWk4oYfHYrQ8aGHfCKRikfcy0dHDcKWKiPRc7Nz7R9fxKkj0Yw== Completed in 765ms
396 timing metavuln:calculate:security-advisory:tar:1089685 Completed in 829ms
397 timing metavuln:packument:tar-pack Completed in 0ms
398 timing metavuln:cache:get:security-advisory:tar-pack:3KXljJwoAr/NHejfU6kg41RmjF3Pg6M28t7ViuMjk5SYV3kYL9qyGZ417dIFb1Y8K+hhpo0sBWpskxrKhsZQzQ== Completed in 8ms
399 timing metavuln:load:security-advisory:tar-pack:Oa066nJpV2ox85F6qnk1N5eWmAmoWAMU7byYhWk4oYfHYrQ8aGHfCKRikfcy0dHDcKWKiPRc7Nz7R9fxKkj0Yw== Completed in 9ms
400 http fetch GET 200 https://registry.npmjs.org/has-flag/-/has-flag-4.0.0.tgz 1093ms (cache miss)
401 timing reifyNode:node_modules/has-flag Completed in 1185ms
402 http fetch GET 200 https://registry.npmjs.org/core-util-is/-/core-util-is-1.0.3.tgz 1086ms (cache miss)
403 timing reifyNode:node_modules/core-util-is Completed in 1185ms
404 http fetch GET 200 https://registry.npmjs.org/inflight/-/inflight-1.0.6.tgz 1127ms (cache miss)
405 timing reifyNode:node_modules/inflight Completed in 1186ms
406 http fetch GET 200 https://registry.npmjs.org/uid-number/-/uid-number-0.0.6.tgz 1104ms (cache miss)
407 timing reifyNode:node_modules/uid-number Completed in 1188ms
408 http fetch GET 200 https://registry.npmjs.org/shebang-regex/-/shebang-regex-3.0.0.tgz 1096ms (cache miss)
409 timing reifyNode:node_modules/shebang-regex Completed in 1188ms
410 http fetch GET 200 https://registry.npmjs.org/through2/-/through2-0.6.5.tgz 1084ms (cache miss)
411 timing reifyNode:node_modules/through2 Completed in 1188ms
412 http fetch GET 200 https://registry.npmjs.org/which/-/which-2.0.2.tgz 1078ms (cache miss)
413 timing reifyNode:node_modules/which Completed in 1189ms
414 http fetch GET 200 https://registry.npmjs.org/util-deprecate/-/util-deprecate-1.0.2.tgz 1143ms (cache miss)
415 timing reifyNode:node_modules/util-deprecate Completed in 1191ms
416 http fetch GET 200 https://registry.npmjs.org/builtins/-/builtins-1.0.3.tgz 1137ms (cache miss)
417 timing reifyNode:node_modules/builtins Completed in 1192ms
418 http fetch GET 200 https://registry.npmjs.org/supports-color/-/supports-color-7.2.0.tgz 1060ms (cache miss)
419 timing reifyNode:node_modules/supports-color Completed in 1189ms
420 http fetch GET 200 https://registry.npmjs.org/concat-map/-/concat-map-0.0.1.tgz 1115ms (cache miss)
421 timing reifyNode:node_modules/concat-map Completed in 1192ms
422 http fetch GET 200 https://registry.npmjs.org/mkdirp/-/mkdirp-0.5.6.tgz 1111ms (cache miss)
423 timing reifyNode:node_modules/mkdirp Completed in 1193ms
424 http fetch GET 200 https://registry.npmjs.org/lru-cache/-/lru-cache-6.0.0.tgz 1113ms (cache miss)
425 timing reifyNode:node_modules/lru-cache Completed in 1209ms
426 http fetch GET 200 https://registry.npmjs.org/shebang-command/-/shebang-command-2.0.0.tgz 1095ms (cache miss)
427 timing reifyNode:node_modules/shebang-command Completed in 1209ms
428 http fetch GET 200 https://registry.npmjs.org/string_decoder/-/string_decoder-0.10.31.tgz 1115ms (cache miss)
429 timing reifyNode:node_modules/string_decoder Completed in 1211ms
430 http fetch GET 200 https://registry.npmjs.org/path-key/-/path-key-3.1.1.tgz 1094ms (cache miss)
431 timing reifyNode:node_modules/path-key Completed in 1211ms
432 http fetch GET 200 https://registry.npmjs.org/fs.realpath/-/fs.realpath-1.0.0.tgz 1153ms (cache miss)
433 timing reifyNode:node_modules/fs.realpath Completed in 1213ms
434 http fetch GET 200 https://registry.npmjs.org/balanced-match/-/balanced-match-1.0.2.tgz 1135ms (cache miss)
435 timing reifyNode:node_modules/balanced-match Completed in 1213ms
436 http fetch GET 200 https://registry.npmjs.org/brace-expansion/-/brace-expansion-1.1.11.tgz 1135ms (cache miss)
437 timing reifyNode:node_modules/brace-expansion Completed in 1214ms
438 http fetch GET 200 https://registry.npmjs.org/jsonfile/-/jsonfile-6.1.0.tgz 1104ms (cache miss)
439 timing reifyNode:node_modules/jsonfile Completed in 1213ms
440 http fetch GET 200 https://registry.npmjs.org/universalify/-/universalify-2.0.1.tgz 1107ms (cache miss)
441 timing reifyNode:node_modules/universalify Completed in 1217ms
442 http fetch GET 200 https://registry.npmjs.org/path-is-absolute/-/path-is-absolute-1.0.1.tgz 1161ms (cache miss)
443 timing reifyNode:node_modules/path-is-absolute Completed in 1219ms
444 http fetch GET 200 https://registry.npmjs.org/duplexer2/-/duplexer2-0.0.2.tgz 1112ms (cache miss)
445 timing reifyNode:node_modules/duplexer2 Completed in 1218ms
446 http fetch GET 200 https://registry.npmjs.org/wrappy/-/wrappy-1.0.2.tgz 1145ms (cache miss)
447 timing reifyNode:node_modules/wrappy Completed in 1219ms
448 http fetch GET 200 https://registry.npmjs.org/color-name/-/color-name-1.1.4.tgz 1117ms (cache miss)
449 timing reifyNode:node_modules/color-name Completed in 1244ms
450 http fetch GET 200 https://registry.npmjs.org/validate-npm-package-name/-/validate-npm-package-name-3.0.0.tgz 1113ms (cache miss)
451 http fetch GET 200 https://registry.npmjs.org/isarray/-/isarray-1.0.0.tgz 1095ms (cache miss)
452 timing reifyNode:node_modules/tar-pack/node_modules/isarray Completed in 1245ms
453 http fetch GET 200 https://registry.npmjs.org/block-stream/-/block-stream-0.0.9.tgz 1191ms (cache miss)
454 timing reifyNode:node_modules/block-stream Completed in 1248ms
455 http fetch GET 200 https://registry.npmjs.org/kleur/-/kleur-3.0.3.tgz 1145ms (cache miss)
456 timing reifyNode:node_modules/kleur Completed in 1247ms
457 http fetch GET 200 https://registry.npmjs.org/rimraf/-/rimraf-2.7.1.tgz 1162ms (cache miss)
458 timing reifyNode:node_modules/rimraf Completed in 1249ms
459 http fetch GET 200 https://registry.npmjs.org/isarray/-/isarray-0.0.1.tgz 1151ms (cache miss)
460 timing reifyNode:node_modules/isarray Completed in 1249ms
461 http fetch GET 200 https://registry.npmjs.org/xtend/-/xtend-4.0.2.tgz 1195ms (cache miss)
462 timing reifyNode:node_modules/xtend Completed in 1251ms
463 http fetch GET 200 https://registry.npmjs.org/yallist/-/yallist-4.0.0.tgz 1156ms (cache miss)
464 timing reifyNode:node_modules/yallist Completed in 1250ms
465 http fetch GET 200 https://registry.npmjs.org/fstream-ignore/-/fstream-ignore-1.0.5.tgz 1162ms (cache miss)
466 timing reifyNode:node_modules/fstream-ignore Completed in 1251ms
467 http fetch GET 200 https://registry.npmjs.org/isexe/-/isexe-2.0.0.tgz 1200ms (cache miss)
468 timing reifyNode:node_modules/isexe Completed in 1253ms
469 http fetch GET 200 https://registry.npmjs.org/ansi-styles/-/ansi-styles-4.3.0.tgz 1129ms (cache miss)
470 timing reifyNode:node_modules/ansi-styles Completed in 1260ms
471 timing reifyNode:node_modules/debug Completed in 1262ms
472 timing reifyNode:node_modules/validate-npm-package-name Completed in 1267ms
473 http fetch GET 200 https://registry.npmjs.org/string_decoder/-/string_decoder-1.1.1.tgz 1122ms (cache miss)
474 timing reifyNode:node_modules/tar-pack/node_modules/string_decoder Completed in 1271ms
475 http fetch GET 200 https://registry.npmjs.org/create-react-app/-/create-react-app-5.0.1.tgz 1139ms (cache miss)
476 timing reifyNode:node_modules/create-react-app Completed in 1283ms
477 http fetch GET 200 https://registry.npmjs.org/safe-buffer/-/safe-buffer-5.1.2.tgz 1235ms (cache miss)
478 timing reifyNode:node_modules/safe-buffer Completed in 1288ms
479 http fetch GET 200 https://registry.npmjs.org/color-convert/-/color-convert-2.0.1.tgz 1171ms (cache miss)
480 timing reifyNode:node_modules/color-convert Completed in 1285ms
481 http fetch GET 200 https://registry.npmjs.org/tar-pack/-/tar-pack-3.4.1.tgz 1160ms (cache miss)
482 http fetch GET 200 https://registry.npmjs.org/graceful-fs/-/graceful-fs-4.2.11.tgz 1184ms (cache miss)
483 timing reifyNode:node_modules/graceful-fs Completed in 1297ms
484 http fetch GET 200 https://registry.npmjs.org/minimatch/-/minimatch-3.1.2.tgz 1217ms (cache miss)
485 timing reifyNode:node_modules/minimatch Completed in 1298ms
486 http fetch GET 200 https://registry.npmjs.org/tmp/-/tmp-0.2.3.tgz 1161ms (cache miss)
487 timing reifyNode:node_modules/tmp Completed in 1297ms
488 timing reifyNode:node_modules/tar-pack Completed in 1307ms
489 http fetch GET 200 https://registry.npmjs.org/hyperquest/-/hyperquest-2.1.3.tgz 1171ms (cache miss)
490 http fetch GET 200 https://registry.npmjs.org/cross-spawn/-/cross-spawn-7.0.3.tgz 1176ms (cache miss)
491 timing reifyNode:node_modules/cross-spawn Completed in 1317ms
492 timing reifyNode:node_modules/hyperquest Completed in 1318ms
493 http fetch GET 200 https://registry.npmjs.org/glob/-/glob-7.2.3.tgz 1258ms (cache miss)
494 timing reifyNode:node_modules/glob Completed in 1321ms
495 http fetch GET 200 https://registry.npmjs.org/chalk/-/chalk-4.1.2.tgz 1181ms (cache miss)
496 timing reifyNode:node_modules/chalk Completed in 1324ms
497 timing metavuln:cache:put:security-advisory:tar-pack:3KXljJwoAr/NHejfU6kg41RmjF3Pg6M28t7ViuMjk5SYV3kYL9qyGZ417dIFb1Y8K+hhpo0sBWpskxrKhsZQzQ== Completed in 146ms
498 timing metavuln:calculate:security-advisory:tar-pack:Oa066nJpV2ox85F6qnk1N5eWmAmoWAMU7byYhWk4oYfHYrQ8aGHfCKRikfcy0dHDcKWKiPRc7Nz7R9fxKkj0Yw== Completed in 163ms
499 timing metavuln:packument:create-react-app Completed in 0ms
500 timing metavuln:cache:get:security-advisory:create-react-app:BAP5sjD/UipbJVBCija12WlnlurqvRCOfkHPDCK3St763W6JIxpLfRD1F9PMmW4GEaZmK6BFkh/Pye257xPpCw== Completed in 3ms
501 timing metavuln:load:security-advisory:create-react-app:3KXljJwoAr/NHejfU6kg41RmjF3Pg6M28t7ViuMjk5SYV3kYL9qyGZ417dIFb1Y8K+hhpo0sBWpskxrKhsZQzQ== Completed in 14ms
502 http fetch GET 200 https://registry.npmjs.org/readable-stream/-/readable-stream-1.0.34.tgz 1218ms (cache miss)
503 timing reifyNode:node_modules/through2/node_modules/readable-stream Completed in 1366ms
504 http fetch GET 200 https://registry.npmjs.org/commander/-/commander-4.1.1.tgz 1226ms (cache miss)
505 timing reifyNode:node_modules/commander Completed in 1369ms
506 http fetch GET 200 https://registry.npmjs.org/fstream/-/fstream-1.0.12.tgz 1284ms (cache miss)
507 timing reifyNode:node_modules/fstream Completed in 1375ms
508 http fetch GET 200 https://registry.npmjs.org/readable-stream/-/readable-stream-1.1.14.tgz 1271ms (cache miss)
509 timing reifyNode:node_modules/readable-stream Completed in 1374ms
510 http fetch GET 200 https://registry.npmjs.org/minimist/-/minimist-1.2.8.tgz 1326ms (cache miss)
511 timing reifyNode:node_modules/minimist Completed in 1401ms
512 timing metavuln:cache:put:security-advisory:create-react-app:BAP5sjD/UipbJVBCija12WlnlurqvRCOfkHPDCK3St763W6JIxpLfRD1F9PMmW4GEaZmK6BFkh/Pye257xPpCw== Completed in 58ms
513 timing metavuln:calculate:security-advisory:create-react-app:3KXljJwoAr/NHejfU6kg41RmjF3Pg6M28t7ViuMjk5SYV3kYL9qyGZ417dIFb1Y8K+hhpo0sBWpskxrKhsZQzQ== Completed in 75ms
514 timing auditReport:init Completed in 1089ms
515 timing reify:audit Completed in 1431ms
516 http fetch GET 200 https://registry.npmjs.org/envinfo/-/envinfo-7.11.1.tgz 1301ms (cache miss)
517 timing reifyNode:node_modules/envinfo Completed in 1441ms
518 http fetch GET 200 https://registry.npmjs.org/readable-stream/-/readable-stream-2.3.8.tgz 1306ms (cache miss)
519 timing reifyNode:node_modules/tar-pack/node_modules/readable-stream Completed in 1456ms
520 http fetch GET 200 https://registry.npmjs.org/fs-extra/-/fs-extra-10.1.0.tgz 1348ms (cache miss)
521 timing reifyNode:node_modules/fs-extra Completed in 1486ms
522 http fetch GET 200 https://registry.npmjs.org/semver/-/semver-7.6.0.tgz 1373ms (cache miss)
523 timing reifyNode:node_modules/semver Completed in 1506ms
524 http fetch GET 200 https://registry.npmjs.org/prompts/-/prompts-2.4.2.tgz 1400ms (cache miss)
525 timing reifyNode:node_modules/prompts Completed in 1536ms
526 http fetch GET 200 https://registry.npmjs.org/tar/-/tar-2.2.2.tgz 1491ms (cache miss)
527 warn deprecated tar@2.2.2: This version of tar is no longer supported, and will not receive security updates. Please upgrade asap.
528 timing reifyNode:node_modules/tar Completed in 1578ms
529 timing reify:unpack Completed in 1579ms
530 timing reify:unretire Completed in 0ms
531 timing build:queue Completed in 6ms
532 timing build:link:node_modules/create-react-app Completed in 4ms
533 timing build:link:node_modules/mkdirp Completed in 3ms
534 timing build:link:node_modules/envinfo Completed in 3ms
535 timing build:link:node_modules/rimraf Completed in 3ms
536 timing build:link:node_modules/semver Completed in 3ms
537 timing build:link:node_modules/which Completed in 4ms
538 timing build:link Completed in 5ms
539 timing build:deps Completed in 12ms
540 timing build Completed in 13ms
541 timing reify:build Completed in 13ms
542 timing reify:trash Completed in 0ms
543 timing reify:save Completed in 27ms
544 timing reify Completed in 5428ms
545 timing command:exec Completed in 163090ms
546 verbose exit 0
547 timing npm Completed in 163416ms
548 info ok
