0 verbose cli /usr/local/nvm/versions/node/v20.11.0/bin/node /usr/local/nvm/versions/node/v20.11.0/bin/npm
1 info using npm@10.4.0
2 info using node@v20.11.0
3 timing npm:load:whichnode Completed in 2ms
4 timing config:load:defaults Completed in 3ms
5 timing config:load:file:/usr/local/nvm/versions/node/v20.11.0/lib/node_modules/npm/npmrc Completed in 19ms
6 timing config:load:builtin Completed in 20ms
7 timing config:load:cli Completed in 3ms
8 timing config:load:env Completed in 0ms
9 timing config:load:project Completed in 1ms
10 timing config:load:file:/home/doritalduby/.npmrc Completed in 1ms
11 timing config:load:user Completed in 1ms
12 timing config:load:file:/usr/local/nvm/versions/node/v20.11.0/etc/npmrc Completed in 0ms
13 timing config:load:global Completed in 0ms
14 timing config:load:setEnvs Completed in 2ms
15 timing config:load Completed in 32ms
16 timing npm:load:configload Completed in 32ms
17 timing config:load:flatten Completed in 4ms
18 timing npm:load:mkdirpcache Completed in 1ms
19 timing npm:load:mkdirplogs Completed in 0ms
20 verbose title npm install express mongoose
21 verbose argv "install" "express" "mongoose"
22 timing npm:load:setTitle Completed in 1ms
23 timing npm:load:display Completed in 1ms
24 verbose logfile logs-max:10 dir:/home/doritalduby/.npm/_logs/2024-03-08T14_07_25_773Z-
25 verbose logfile /home/doritalduby/.npm/_logs/2024-03-08T14_07_25_773Z-debug-0.log
26 timing npm:load:logFile Completed in 12ms
27 timing npm:load:timers Completed in 1ms
28 timing npm:load:configScope Completed in 0ms
29 timing npm:load Completed in 84ms
30 timing config:load:flatten Completed in 1ms
31 timing arborist:ctor Completed in 2ms
32 silly logfile done cleaning log files
33 timing arborist:ctor Completed in 0ms
34 timing idealTree:init Completed in 20ms
35 timing idealTree:userRequests Completed in 3ms
36 silly idealTree buildDeps
37 silly fetch manifest express@*
38 http fetch GET 200 https://registry.npmjs.org/npm 195ms
39 http fetch GET 200 https://registry.npmjs.org/express 174ms (cache miss)
40 silly fetch manifest mongoose@*
41 http fetch GET 200 https://registry.npmjs.org/mongoose 147ms (cache miss)
42 silly placeDep ROOT express@4.18.3 OK for:  want: *
43 silly placeDep ROOT mongoose@8.2.1 OK for:  want: *
44 silly fetch manifest accepts@~1.3.8
45 http fetch GET 200 https://registry.npmjs.org/accepts 70ms (cache miss)
46 silly fetch manifest array-flatten@1.1.1
47 http fetch GET 200 https://registry.npmjs.org/array-flatten 29ms (cache miss)
48 silly fetch manifest body-parser@1.20.2
49 http fetch GET 200 https://registry.npmjs.org/body-parser 35ms (cache miss)
50 silly fetch manifest content-disposition@0.5.4
51 http fetch GET 200 https://registry.npmjs.org/content-disposition 33ms (cache miss)
52 silly fetch manifest content-type@~1.0.4
53 http fetch GET 200 https://registry.npmjs.org/content-type 27ms (cache miss)
54 silly fetch manifest cookie@0.5.0
55 http fetch GET 200 https://registry.npmjs.org/cookie 69ms (cache miss)
56 silly fetch manifest cookie-signature@1.0.6
57 http fetch GET 200 https://registry.npmjs.org/cookie-signature 37ms (cache miss)
58 silly fetch manifest debug@2.6.9
59 http fetch GET 200 https://registry.npmjs.org/debug 46ms (cache miss)
60 silly fetch manifest depd@2.0.0
61 http fetch GET 200 https://registry.npmjs.org/depd 38ms (cache miss)
62 silly fetch manifest encodeurl@~1.0.2
63 http fetch GET 200 https://registry.npmjs.org/encodeurl 30ms (cache miss)
64 silly fetch manifest escape-html@~1.0.3
65 http fetch GET 200 https://registry.npmjs.org/escape-html 33ms (cache miss)
66 silly fetch manifest etag@~1.8.1
67 http fetch GET 200 https://registry.npmjs.org/etag 33ms (cache miss)
68 silly fetch manifest finalhandler@1.2.0
69 http fetch GET 200 https://registry.npmjs.org/finalhandler 29ms (cache miss)
70 silly fetch manifest fresh@0.5.2
71 http fetch GET 200 https://registry.npmjs.org/fresh 32ms (cache miss)
72 silly fetch manifest http-errors@2.0.0
73 http fetch GET 200 https://registry.npmjs.org/http-errors 32ms (cache miss)
74 silly fetch manifest merge-descriptors@1.0.1
75 http fetch GET 200 https://registry.npmjs.org/merge-descriptors 49ms (cache miss)
76 silly fetch manifest methods@~1.1.2
77 http fetch GET 200 https://registry.npmjs.org/methods 33ms (cache miss)
78 silly fetch manifest on-finished@2.4.1
79 http fetch GET 200 https://registry.npmjs.org/on-finished 29ms (cache miss)
80 silly fetch manifest parseurl@~1.3.3
81 http fetch GET 200 https://registry.npmjs.org/parseurl 36ms (cache miss)
82 silly fetch manifest path-to-regexp@0.1.7
83 http fetch GET 200 https://registry.npmjs.org/path-to-regexp 217ms (cache miss)
84 silly fetch manifest proxy-addr@~2.0.7
85 http fetch GET 200 https://registry.npmjs.org/proxy-addr 39ms (cache miss)
86 silly fetch manifest qs@6.11.0
87 http fetch GET 200 https://registry.npmjs.org/qs 40ms (cache miss)
88 silly fetch manifest range-parser@~1.2.1
89 http fetch GET 200 https://registry.npmjs.org/range-parser 36ms (cache miss)
90 silly fetch manifest safe-buffer@5.2.1
91 http fetch GET 200 https://registry.npmjs.org/safe-buffer 33ms (cache miss)
92 silly fetch manifest send@0.18.0
93 http fetch GET 200 https://registry.npmjs.org/send 39ms (cache miss)
94 silly fetch manifest serve-static@1.15.0
95 http fetch GET 200 https://registry.npmjs.org/serve-static 31ms (cache miss)
96 silly fetch manifest setprototypeof@1.2.0
97 http fetch GET 200 https://registry.npmjs.org/setprototypeof 34ms (cache miss)
98 silly fetch manifest statuses@2.0.1
99 http fetch GET 200 https://registry.npmjs.org/statuses 49ms (cache miss)
100 silly fetch manifest type-is@~1.6.18
101 http fetch GET 200 https://registry.npmjs.org/type-is 40ms (cache miss)
102 silly fetch manifest utils-merge@1.0.1
103 http fetch GET 200 https://registry.npmjs.org/utils-merge 29ms (cache miss)
104 silly fetch manifest vary@~1.1.2
105 http fetch GET 200 https://registry.npmjs.org/vary 36ms (cache miss)
106 silly fetch manifest bson@^6.2.0
107 http fetch GET 200 https://registry.npmjs.org/bson 51ms (cache miss)
108 silly fetch manifest kareem@2.5.1
109 http fetch GET 200 https://registry.npmjs.org/kareem 554ms (cache miss)
110 silly fetch manifest mongodb@6.3.0
111 http fetch GET 200 https://registry.npmjs.org/mongodb 84ms (cache miss)
112 silly fetch manifest mpath@0.9.0
113 http fetch GET 200 https://registry.npmjs.org/mpath 59ms (cache miss)
114 silly fetch manifest mquery@5.0.0
115 http fetch GET 200 https://registry.npmjs.org/mquery 208ms (cache miss)
116 silly fetch manifest ms@2.1.3
117 http fetch GET 200 https://registry.npmjs.org/ms 33ms (cache miss)
118 silly fetch manifest sift@16.0.1
119 http fetch GET 200 https://registry.npmjs.org/sift 51ms (cache miss)
120 timing idealTree:#root Completed in 2988ms
121 silly placeDep ROOT accepts@1.3.8 OK for: express@4.18.3 want: ~1.3.8
122 silly placeDep ROOT array-flatten@1.1.1 OK for: express@4.18.3 want: 1.1.1
123 silly placeDep ROOT body-parser@1.20.2 OK for: express@4.18.3 want: 1.20.2
124 silly placeDep ROOT content-disposition@0.5.4 OK for: express@4.18.3 want: 0.5.4
125 silly placeDep ROOT content-type@1.0.5 OK for: express@4.18.3 want: ~1.0.4
126 silly placeDep ROOT cookie@0.5.0 OK for: express@4.18.3 want: 0.5.0
127 silly placeDep ROOT cookie-signature@1.0.6 OK for: express@4.18.3 want: 1.0.6
128 silly placeDep ROOT debug@2.6.9 OK for: express@4.18.3 want: 2.6.9
129 silly placeDep ROOT depd@2.0.0 OK for: express@4.18.3 want: 2.0.0
130 silly placeDep ROOT encodeurl@1.0.2 OK for: express@4.18.3 want: ~1.0.2
131 silly placeDep ROOT escape-html@1.0.3 OK for: express@4.18.3 want: ~1.0.3
132 silly placeDep ROOT etag@1.8.1 OK for: express@4.18.3 want: ~1.8.1
133 silly placeDep ROOT finalhandler@1.2.0 OK for: express@4.18.3 want: 1.2.0
134 silly placeDep ROOT fresh@0.5.2 OK for: express@4.18.3 want: 0.5.2
135 silly placeDep ROOT http-errors@2.0.0 OK for: express@4.18.3 want: 2.0.0
136 silly placeDep ROOT merge-descriptors@1.0.1 OK for: express@4.18.3 want: 1.0.1
137 silly placeDep ROOT methods@1.1.2 OK for: express@4.18.3 want: ~1.1.2
138 silly placeDep ROOT on-finished@2.4.1 OK for: express@4.18.3 want: 2.4.1
139 silly placeDep ROOT parseurl@1.3.3 OK for: express@4.18.3 want: ~1.3.3
140 silly placeDep ROOT path-to-regexp@0.1.7 OK for: express@4.18.3 want: 0.1.7
141 silly placeDep ROOT proxy-addr@2.0.7 OK for: express@4.18.3 want: ~2.0.7
142 silly placeDep ROOT qs@6.11.0 OK for: express@4.18.3 want: 6.11.0
143 silly placeDep ROOT range-parser@1.2.1 OK for: express@4.18.3 want: ~1.2.1
144 silly placeDep ROOT safe-buffer@5.2.1 OK for: express@4.18.3 want: 5.2.1
145 silly placeDep ROOT send@0.18.0 OK for: express@4.18.3 want: 0.18.0
146 silly placeDep ROOT serve-static@1.15.0 OK for: express@4.18.3 want: 1.15.0
147 silly placeDep ROOT setprototypeof@1.2.0 OK for: express@4.18.3 want: 1.2.0
148 silly placeDep ROOT statuses@2.0.1 OK for: express@4.18.3 want: 2.0.1
149 silly placeDep ROOT type-is@1.6.18 OK for: express@4.18.3 want: ~1.6.18
150 silly placeDep ROOT utils-merge@1.0.1 OK for: express@4.18.3 want: 1.0.1
151 silly placeDep ROOT vary@1.1.2 OK for: express@4.18.3 want: ~1.1.2
152 silly fetch manifest mime-types@~2.1.34
153 http fetch GET 200 https://registry.npmjs.org/mime-types 47ms (cache miss)
154 silly fetch manifest negotiator@0.6.3
155 http fetch GET 200 https://registry.npmjs.org/negotiator 33ms (cache miss)
156 silly fetch manifest bytes@3.1.2
157 http fetch GET 200 https://registry.npmjs.org/bytes 37ms (cache miss)
158 silly fetch manifest content-type@~1.0.5
159 silly fetch manifest destroy@1.2.0
160 http fetch GET 200 https://registry.npmjs.org/destroy 29ms (cache miss)
161 silly fetch manifest iconv-lite@0.4.24
162 http fetch GET 200 https://registry.npmjs.org/iconv-lite 30ms (cache miss)
163 silly fetch manifest raw-body@2.5.2
164 http fetch GET 200 https://registry.npmjs.org/raw-body 49ms (cache miss)
165 silly fetch manifest unpipe@1.0.0
166 http fetch GET 200 https://registry.npmjs.org/unpipe 33ms (cache miss)
167 silly fetch manifest ms@2.0.0
168 silly fetch manifest unpipe@~1.0.0
169 silly fetch manifest inherits@2.0.4
170 http fetch GET 200 https://registry.npmjs.org/inherits 48ms (cache miss)
171 silly fetch manifest toidentifier@1.0.1
172 http fetch GET 200 https://registry.npmjs.org/toidentifier 36ms (cache miss)
173 silly fetch manifest ee-first@1.1.1
174 http fetch GET 200 https://registry.npmjs.org/ee-first 42ms (cache miss)
175 silly fetch manifest forwarded@0.2.0
176 http fetch GET 200 https://registry.npmjs.org/forwarded 44ms (cache miss)
177 silly fetch manifest ipaddr.js@1.9.1
178 http fetch GET 200 https://registry.npmjs.org/ipaddr.js 226ms (cache miss)
179 silly fetch manifest side-channel@^1.0.4
180 http fetch GET 200 https://registry.npmjs.org/side-channel 35ms (cache miss)
181 silly fetch manifest mime@1.6.0
182 http fetch GET 200 https://registry.npmjs.org/mime 46ms (cache miss)
183 silly fetch manifest media-typer@0.3.0
184 http fetch GET 200 https://registry.npmjs.org/media-typer 67ms (cache miss)
185 silly fetch manifest mime-types@~2.1.24
186 timing idealTree:node_modules/express Completed in 937ms
187 silly placeDep ROOT mime-types@2.1.35 OK for: accepts@1.3.8 want: ~2.1.34
188 silly placeDep ROOT negotiator@0.6.3 OK for: accepts@1.3.8 want: 0.6.3
189 silly fetch manifest mime-db@1.52.0
190 http fetch GET 200 https://registry.npmjs.org/mime-db 30ms (cache miss)
191 timing idealTree:node_modules/accepts Completed in 39ms
192 timing idealTree:node_modules/array-flatten Completed in 0ms
193 silly placeDep ROOT bytes@3.1.2 OK for: body-parser@1.20.2 want: 3.1.2
194 silly placeDep ROOT destroy@1.2.0 OK for: body-parser@1.20.2 want: 1.2.0
195 silly placeDep ROOT iconv-lite@0.4.24 OK for: body-parser@1.20.2 want: 0.4.24
196 silly placeDep ROOT raw-body@2.5.2 OK for: body-parser@1.20.2 want: 2.5.2
197 silly placeDep ROOT unpipe@1.0.0 OK for: body-parser@1.20.2 want: 1.0.0
198 silly fetch manifest safer-buffer@>= 2.1.2 < 3
199 http fetch GET 200 https://registry.npmjs.org/safer-buffer 30ms (cache miss)
200 timing idealTree:node_modules/body-parser Completed in 41ms
201 timing idealTree:node_modules/bytes Completed in 0ms
202 timing idealTree:node_modules/content-disposition Completed in 0ms
203 timing idealTree:node_modules/content-type Completed in 0ms
204 timing idealTree:node_modules/cookie Completed in 0ms
205 timing idealTree:node_modules/cookie-signature Completed in 0ms
206 silly placeDep ROOT ms@2.0.0 OK for: debug@2.6.9 want: 2.0.0
207 timing idealTree:node_modules/debug Completed in 3ms
208 timing idealTree:node_modules/depd Completed in 0ms
209 timing idealTree:node_modules/destroy Completed in 0ms
210 timing idealTree:node_modules/encodeurl Completed in 0ms
211 timing idealTree:node_modules/escape-html Completed in 0ms
212 timing idealTree:node_modules/etag Completed in 0ms
213 timing idealTree:node_modules/finalhandler Completed in 0ms
214 timing idealTree:node_modules/fresh Completed in 0ms
215 silly placeDep ROOT inherits@2.0.4 OK for: http-errors@2.0.0 want: 2.0.4
216 silly placeDep ROOT toidentifier@1.0.1 OK for: http-errors@2.0.0 want: 1.0.1
217 timing idealTree:node_modules/http-errors Completed in 3ms
218 silly placeDep ROOT safer-buffer@2.1.2 OK for: iconv-lite@0.4.24 want: >= 2.1.2 < 3
219 timing idealTree:node_modules/iconv-lite Completed in 2ms
220 timing idealTree:node_modules/inherits Completed in 0ms
221 timing idealTree:node_modules/merge-descriptors Completed in 0ms
222 timing idealTree:node_modules/methods Completed in 0ms
223 silly placeDep ROOT mime-db@1.52.0 OK for: mime-types@2.1.35 want: 1.52.0
224 timing idealTree:node_modules/mime-types Completed in 1ms
225 timing idealTree:node_modules/mime-db Completed in 0ms
226 silly fetch manifest @aws-sdk/credential-providers@^3.188.0
227 http fetch GET 200 https://registry.npmjs.org/@aws-sdk%2fcredential-providers 99ms (cache miss)
228 silly fetch manifest @mongodb-js/zstd@^1.1.0
229 http fetch GET 200 https://registry.npmjs.org/@mongodb-js%2fzstd 1179ms (cache miss)
230 silly fetch manifest gcp-metadata@^5.2.0
231 http fetch GET 200 https://registry.npmjs.org/gcp-metadata 31ms (cache miss)
232 silly fetch manifest kerberos@^2.0.1
233 http fetch GET 200 https://registry.npmjs.org/kerberos 33ms (cache miss)
234 silly fetch manifest mongodb-client-encryption@>=6.0.0 <7
235 http fetch GET 200 https://registry.npmjs.org/mongodb-client-encryption 556ms (cache miss)
236 silly fetch manifest snappy@^7.2.2
237 http fetch GET 200 https://registry.npmjs.org/snappy 47ms (cache miss)
238 silly fetch manifest socks@^2.7.1
239 http fetch GET 200 https://registry.npmjs.org/socks 36ms (cache miss)
240 silly placeDep ROOT bson@6.4.0 OK for: mongoose@8.2.1 want: ^6.2.0
241 silly placeDep ROOT kareem@2.5.1 OK for: mongoose@8.2.1 want: 2.5.1
242 silly placeDep ROOT mongodb@6.3.0 OK for: mongoose@8.2.1 want: 6.3.0
243 silly placeDep ROOT mpath@0.9.0 OK for: mongoose@8.2.1 want: 0.9.0
244 silly placeDep ROOT mquery@5.0.0 OK for: mongoose@8.2.1 want: 5.0.0
245 silly placeDep node_modules/mongoose ms@2.1.3 OK for: mongoose@8.2.1 want: 2.1.3
246 silly placeDep ROOT sift@16.0.1 OK for: mongoose@8.2.1 want: 16.0.1
247 silly fetch manifest @mongodb-js/saslprep@^1.1.0
248 http fetch GET 200 https://registry.npmjs.org/@mongodb-js%2fsaslprep 58ms (cache miss)
249 silly fetch manifest mongodb-connection-string-url@^3.0.0
250 http fetch GET 200 https://registry.npmjs.org/mongodb-connection-string-url 210ms (cache miss)
251 silly fetch manifest debug@4.x
252 timing idealTree:node_modules/mongoose Completed in 2333ms
253 timing idealTree:node_modules/bson Completed in 0ms
254 timing idealTree:node_modules/kareem Completed in 0ms
255 silly placeDep ROOT @mongodb-js/saslprep@1.1.5 OK for: mongodb@6.3.0 want: ^1.1.0
256 silly placeDep ROOT mongodb-connection-string-url@3.0.0 OK for: mongodb@6.3.0 want: ^3.0.0
257 silly fetch manifest sparse-bitfield@^3.0.3
258 http fetch GET 200 https://registry.npmjs.org/sparse-bitfield 34ms (cache miss)
259 silly fetch manifest @types/whatwg-url@^11.0.2
260 http fetch GET 200 https://registry.npmjs.org/@types%2fwhatwg-url 36ms (cache miss)
261 silly fetch manifest whatwg-url@^13.0.0
262 http fetch GET 200 https://registry.npmjs.org/whatwg-url 50ms (cache miss)
263 timing idealTree:node_modules/mongodb Completed in 140ms
264 silly placeDep ROOT sparse-bitfield@3.0.3 OK for: @mongodb-js/saslprep@1.1.5 want: ^3.0.3
265 silly fetch manifest memory-pager@^1.0.2
266 http fetch GET 200 https://registry.npmjs.org/memory-pager 34ms (cache miss)
267 timing idealTree:node_modules/@mongodb-js/saslprep Completed in 39ms
268 silly placeDep ROOT @types/whatwg-url@11.0.4 OK for: mongodb-connection-string-url@3.0.0 want: ^11.0.2
269 silly placeDep ROOT whatwg-url@13.0.0 OK for: mongodb-connection-string-url@3.0.0 want: ^13.0.0
270 silly fetch manifest @types/webidl-conversions@*
271 http fetch GET 200 https://registry.npmjs.org/@types%2fwebidl-conversions 61ms (cache miss)
272 silly fetch manifest tr46@^4.1.1
273 http fetch GET 200 https://registry.npmjs.org/tr46 29ms (cache miss)
274 silly fetch manifest webidl-conversions@^7.0.0
275 http fetch GET 200 https://registry.npmjs.org/webidl-conversions 30ms (cache miss)
276 timing idealTree:node_modules/mongodb-connection-string-url Completed in 132ms
277 silly placeDep ROOT @types/webidl-conversions@7.0.3 OK for: @types/whatwg-url@11.0.4 want: *
278 timing idealTree:node_modules/@types/whatwg-url Completed in 2ms
279 timing idealTree:node_modules/@types/webidl-conversions Completed in 0ms
280 timing idealTree:node_modules/mpath Completed in 0ms
281 silly placeDep node_modules/mquery debug@4.3.4 OK for: mquery@5.0.0 want: 4.x
282 silly fetch manifest ms@2.1.2
283 timing idealTree:node_modules/mquery Completed in 3ms
284 timing idealTree:node_modules/ms Completed in 0ms
285 timing idealTree:node_modules/negotiator Completed in 0ms
286 silly placeDep ROOT ee-first@1.1.1 OK for: on-finished@2.4.1 want: 1.1.1
287 timing idealTree:node_modules/on-finished Completed in 2ms
288 timing idealTree:node_modules/ee-first Completed in 0ms
289 timing idealTree:node_modules/parseurl Completed in 0ms
290 timing idealTree:node_modules/path-to-regexp Completed in 0ms
291 silly placeDep ROOT forwarded@0.2.0 OK for: proxy-addr@2.0.7 want: 0.2.0
292 silly placeDep ROOT ipaddr.js@1.9.1 OK for: proxy-addr@2.0.7 want: 1.9.1
293 timing idealTree:node_modules/proxy-addr Completed in 3ms
294 timing idealTree:node_modules/forwarded Completed in 0ms
295 timing idealTree:node_modules/ipaddr.js Completed in 0ms
296 silly placeDep ROOT side-channel@1.0.6 OK for: qs@6.11.0 want: ^1.0.4
297 silly fetch manifest call-bind@^1.0.7
298 http fetch GET 200 https://registry.npmjs.org/call-bind 45ms (cache miss)
299 silly fetch manifest es-errors@^1.3.0
300 http fetch GET 200 https://registry.npmjs.org/es-errors 35ms (cache miss)
301 silly fetch manifest get-intrinsic@^1.2.4
302 http fetch GET 200 https://registry.npmjs.org/get-intrinsic 46ms (cache miss)
303 silly fetch manifest object-inspect@^1.13.1
304 http fetch GET 200 https://registry.npmjs.org/object-inspect 35ms (cache miss)
305 timing idealTree:node_modules/qs Completed in 177ms
306 timing idealTree:node_modules/range-parser Completed in 0ms
307 timing idealTree:node_modules/raw-body Completed in 0ms
308 timing idealTree:node_modules/safe-buffer Completed in 0ms
309 timing idealTree:node_modules/safer-buffer Completed in 0ms
310 silly placeDep ROOT mime@1.6.0 OK for: send@0.18.0 want: 1.6.0
311 silly placeDep node_modules/send ms@2.1.3 OK for: send@0.18.0 want: 2.1.3
312 timing idealTree:node_modules/send Completed in 5ms
313 timing idealTree:node_modules/mime Completed in 0ms
314 timing idealTree:node_modules/serve-static Completed in 0ms
315 timing idealTree:node_modules/setprototypeof Completed in 0ms
316 silly placeDep ROOT call-bind@1.0.7 OK for: side-channel@1.0.6 want: ^1.0.7
317 silly placeDep ROOT es-errors@1.3.0 OK for: side-channel@1.0.6 want: ^1.3.0
318 silly placeDep ROOT get-intrinsic@1.2.4 OK for: side-channel@1.0.6 want: ^1.2.4
319 silly placeDep ROOT object-inspect@1.13.1 OK for: side-channel@1.0.6 want: ^1.13.1
320 silly fetch manifest es-define-property@^1.0.0
321 http fetch GET 200 https://registry.npmjs.org/es-define-property 37ms (cache miss)
322 silly fetch manifest function-bind@^1.1.2
323 http fetch GET 200 https://registry.npmjs.org/function-bind 32ms (cache miss)
324 silly fetch manifest set-function-length@^1.2.1
325 http fetch GET 200 https://registry.npmjs.org/set-function-length 35ms (cache miss)
326 silly fetch manifest has-proto@^1.0.1
327 http fetch GET 200 https://registry.npmjs.org/has-proto 28ms (cache miss)
328 silly fetch manifest has-symbols@^1.0.3
329 http fetch GET 200 https://registry.npmjs.org/has-symbols 28ms (cache miss)
330 silly fetch manifest hasown@^2.0.0
331 http fetch GET 200 https://registry.npmjs.org/hasown 47ms (cache miss)
332 timing idealTree:node_modules/side-channel Completed in 228ms
333 silly placeDep ROOT es-define-property@1.0.0 OK for: call-bind@1.0.7 want: ^1.0.0
334 silly placeDep ROOT function-bind@1.1.2 OK for: call-bind@1.0.7 want: ^1.1.2
335 silly placeDep ROOT set-function-length@1.2.1 OK for: call-bind@1.0.7 want: ^1.2.1
336 silly fetch manifest define-data-property@^1.1.2
337 http fetch GET 200 https://registry.npmjs.org/define-data-property 48ms (cache miss)
338 silly fetch manifest gopd@^1.0.1
339 http fetch GET 200 https://registry.npmjs.org/gopd 29ms (cache miss)
340 silly fetch manifest has-property-descriptors@^1.0.1
341 http fetch GET 200 https://registry.npmjs.org/has-property-descriptors 31ms (cache miss)
342 timing idealTree:node_modules/call-bind Completed in 127ms
343 timing idealTree:node_modules/es-define-property Completed in 0ms
344 timing idealTree:node_modules/es-errors Completed in 0ms
345 timing idealTree:node_modules/function-bind Completed in 0ms
346 silly placeDep ROOT has-proto@1.0.3 OK for: get-intrinsic@1.2.4 want: ^1.0.1
347 silly placeDep ROOT has-symbols@1.0.3 OK for: get-intrinsic@1.2.4 want: ^1.0.3
348 silly placeDep ROOT hasown@2.0.1 OK for: get-intrinsic@1.2.4 want: ^2.0.0
349 timing idealTree:node_modules/get-intrinsic Completed in 6ms
350 timing idealTree:node_modules/has-proto Completed in 0ms
351 timing idealTree:node_modules/has-symbols Completed in 0ms
352 timing idealTree:node_modules/hasown Completed in 0ms
353 timing idealTree:node_modules/object-inspect Completed in 0ms
354 silly placeDep ROOT define-data-property@1.1.4 OK for: set-function-length@1.2.1 want: ^1.1.2
355 silly placeDep ROOT gopd@1.0.1 OK for: set-function-length@1.2.1 want: ^1.0.1
356 silly placeDep ROOT has-property-descriptors@1.0.2 OK for: set-function-length@1.2.1 want: ^1.0.1
357 timing idealTree:node_modules/set-function-length Completed in 5ms
358 timing idealTree:node_modules/define-data-property Completed in 0ms
359 timing idealTree:node_modules/gopd Completed in 0ms
360 timing idealTree:node_modules/has-property-descriptors Completed in 0ms
361 timing idealTree:node_modules/sift Completed in 0ms
362 silly placeDep ROOT memory-pager@1.5.0 OK for: sparse-bitfield@3.0.3 want: ^1.0.2
363 timing idealTree:node_modules/sparse-bitfield Completed in 2ms
364 timing idealTree:node_modules/memory-pager Completed in 0ms
365 timing idealTree:node_modules/statuses Completed in 1ms
366 timing idealTree:node_modules/toidentifier Completed in 0ms
367 silly placeDep ROOT media-typer@0.3.0 OK for: type-is@1.6.18 want: 0.3.0
368 timing idealTree:node_modules/type-is Completed in 1ms
369 timing idealTree:node_modules/media-typer Completed in 0ms
370 timing idealTree:node_modules/unpipe Completed in 0ms
371 timing idealTree:node_modules/utils-merge Completed in 0ms
372 timing idealTree:node_modules/vary Completed in 0ms
373 silly placeDep ROOT tr46@4.1.1 OK for: whatwg-url@13.0.0 want: ^4.1.1
374 silly placeDep ROOT webidl-conversions@7.0.0 OK for: whatwg-url@13.0.0 want: ^7.0.0
375 silly fetch manifest punycode@^2.3.0
376 http fetch GET 200 https://registry.npmjs.org/punycode 51ms (cache miss)
377 timing idealTree:node_modules/whatwg-url Completed in 59ms
378 silly placeDep ROOT punycode@2.3.1 OK for: tr46@4.1.1 want: ^2.3.0
379 timing idealTree:node_modules/tr46 Completed in 2ms
380 timing idealTree:node_modules/punycode Completed in 0ms
381 timing idealTree:node_modules/webidl-conversions Completed in 0ms
382 timing idealTree:node_modules/mongoose/node_modules/ms Completed in 0ms
383 silly placeDep node_modules/mquery ms@2.1.2 OK for: debug@4.3.4 want: 2.1.2
384 timing idealTree:node_modules/mquery/node_modules/debug Completed in 4ms
385 timing idealTree:node_modules/mquery/node_modules/ms Completed in 0ms
386 timing idealTree:node_modules/send/node_modules/ms Completed in 0ms
387 timing idealTree:buildDeps Completed in 7297ms
388 timing idealTree:fixDepFlags Completed in 2ms
389 timing idealTree Completed in 7325ms
390 timing reify:loadTrees Completed in 7327ms
391 timing reify:diffTrees Completed in 4ms
392 silly reify moves {}
393 timing reify:retireShallow Completed in 2ms
394 timing reify:createSparse Completed in 12ms
395 timing reify:loadBundles Completed in 0ms
396 silly tarball no local data for punycode@https://registry.npmjs.org/punycode/-/punycode-2.3.1.tgz. Extracting by manifest.
397 silly tarball no local data for webidl-conversions@https://registry.npmjs.org/webidl-conversions/-/webidl-conversions-7.0.0.tgz. Extracting by manifest.
398 silly tarball no local data for tr46@https://registry.npmjs.org/tr46/-/tr46-4.1.1.tgz. Extracting by manifest.
399 silly tarball no local data for media-typer@https://registry.npmjs.org/media-typer/-/media-typer-0.3.0.tgz. Extracting by manifest.
400 silly tarball no local data for memory-pager@https://registry.npmjs.org/memory-pager/-/memory-pager-1.5.0.tgz. Extracting by manifest.
401 silly tarball no local data for has-property-descriptors@https://registry.npmjs.org/has-property-descriptors/-/has-property-descriptors-1.0.2.tgz. Extracting by manifest.
402 silly tarball no local data for gopd@https://registry.npmjs.org/gopd/-/gopd-1.0.1.tgz. Extracting by manifest.
403 silly tarball no local data for define-data-property@https://registry.npmjs.org/define-data-property/-/define-data-property-1.1.4.tgz. Extracting by manifest.
404 silly tarball no local data for hasown@https://registry.npmjs.org/hasown/-/hasown-2.0.1.tgz. Extracting by manifest.
405 silly tarball no local data for has-symbols@https://registry.npmjs.org/has-symbols/-/has-symbols-1.0.3.tgz. Extracting by manifest.
406 silly tarball no local data for has-proto@https://registry.npmjs.org/has-proto/-/has-proto-1.0.3.tgz. Extracting by manifest.
407 silly tarball no local data for set-function-length@https://registry.npmjs.org/set-function-length/-/set-function-length-1.2.1.tgz. Extracting by manifest.
408 silly tarball no local data for function-bind@https://registry.npmjs.org/function-bind/-/function-bind-1.1.2.tgz. Extracting by manifest.
409 silly tarball no local data for es-define-property@https://registry.npmjs.org/es-define-property/-/es-define-property-1.0.0.tgz. Extracting by manifest.
410 silly tarball no local data for object-inspect@https://registry.npmjs.org/object-inspect/-/object-inspect-1.13.1.tgz. Extracting by manifest.
411 silly tarball no local data for get-intrinsic@https://registry.npmjs.org/get-intrinsic/-/get-intrinsic-1.2.4.tgz. Extracting by manifest.
412 silly tarball no local data for es-errors@https://registry.npmjs.org/es-errors/-/es-errors-1.3.0.tgz. Extracting by manifest.
413 silly tarball no local data for call-bind@https://registry.npmjs.org/call-bind/-/call-bind-1.0.7.tgz. Extracting by manifest.
414 silly tarball no local data for mime@https://registry.npmjs.org/mime/-/mime-1.6.0.tgz. Extracting by manifest.
415 silly tarball no local data for side-channel@https://registry.npmjs.org/side-channel/-/side-channel-1.0.6.tgz. Extracting by manifest.
416 silly tarball no local data for ipaddr.js@https://registry.npmjs.org/ipaddr.js/-/ipaddr.js-1.9.1.tgz. Extracting by manifest.
417 silly tarball no local data for forwarded@https://registry.npmjs.org/forwarded/-/forwarded-0.2.0.tgz. Extracting by manifest.
418 silly tarball no local data for ee-first@https://registry.npmjs.org/ee-first/-/ee-first-1.1.1.tgz. Extracting by manifest.
419 silly tarball no local data for @types/webidl-conversions@https://registry.npmjs.org/@types/webidl-conversions/-/webidl-conversions-7.0.3.tgz. Extracting by manifest.
420 silly tarball no local data for whatwg-url@https://registry.npmjs.org/whatwg-url/-/whatwg-url-13.0.0.tgz. Extracting by manifest.
421 silly tarball no local data for @types/whatwg-url@https://registry.npmjs.org/@types/whatwg-url/-/whatwg-url-11.0.4.tgz. Extracting by manifest.
422 silly tarball no local data for sparse-bitfield@https://registry.npmjs.org/sparse-bitfield/-/sparse-bitfield-3.0.3.tgz. Extracting by manifest.
423 silly tarball no local data for mongodb-connection-string-url@https://registry.npmjs.org/mongodb-connection-string-url/-/mongodb-connection-string-url-3.0.0.tgz. Extracting by manifest.
424 silly tarball no local data for @mongodb-js/saslprep@https://registry.npmjs.org/@mongodb-js/saslprep/-/saslprep-1.1.5.tgz. Extracting by manifest.
425 silly tarball no local data for http-errors@https://registry.npmjs.org/http-errors/-/http-errors-2.0.0.tgz. Extracting by manifest.
426 silly tarball no local data for fresh@https://registry.npmjs.org/fresh/-/fresh-0.5.2.tgz. Extracting by manifest.
427 silly tarball no local data for finalhandler@https://registry.npmjs.org/finalhandler/-/finalhandler-1.2.0.tgz. Extracting by manifest.
428 silly tarball no local data for etag@https://registry.npmjs.org/etag/-/etag-1.8.1.tgz. Extracting by manifest.
429 silly tarball no local data for escape-html@https://registry.npmjs.org/escape-html/-/escape-html-1.0.3.tgz. Extracting by manifest.
430 silly tarball no local data for encodeurl@https://registry.npmjs.org/encodeurl/-/encodeurl-1.0.2.tgz. Extracting by manifest.
431 silly tarball no local data for depd@https://registry.npmjs.org/depd/-/depd-2.0.0.tgz. Extracting by manifest.
432 silly tarball no local data for cookie-signature@https://registry.npmjs.org/cookie-signature/-/cookie-signature-1.0.6.tgz. Extracting by manifest.
433 silly tarball no local data for debug@https://registry.npmjs.org/debug/-/debug-2.6.9.tgz. Extracting by manifest.
434 silly tarball no local data for cookie@https://registry.npmjs.org/cookie/-/cookie-0.5.0.tgz. Extracting by manifest.
435 silly tarball no local data for content-type@https://registry.npmjs.org/content-type/-/content-type-1.0.5.tgz. Extracting by manifest.
436 silly tarball no local data for content-disposition@https://registry.npmjs.org/content-disposition/-/content-disposition-0.5.4.tgz. Extracting by manifest.
437 silly tarball no local data for body-parser@https://registry.npmjs.org/body-parser/-/body-parser-1.20.2.tgz. Extracting by manifest.
438 silly tarball no local data for sift@https://registry.npmjs.org/sift/-/sift-16.0.1.tgz. Extracting by manifest.
439 silly tarball no local data for mpath@https://registry.npmjs.org/mpath/-/mpath-0.9.0.tgz. Extracting by manifest.
440 silly tarball no local data for mquery@https://registry.npmjs.org/mquery/-/mquery-5.0.0.tgz. Extracting by manifest.
441 silly tarball no local data for mongodb@https://registry.npmjs.org/mongodb/-/mongodb-6.3.0.tgz. Extracting by manifest.
442 silly tarball no local data for kareem@https://registry.npmjs.org/kareem/-/kareem-2.5.1.tgz. Extracting by manifest.
443 silly tarball no local data for bson@https://registry.npmjs.org/bson/-/bson-6.4.0.tgz. Extracting by manifest.
444 silly tarball no local data for mime-db@https://registry.npmjs.org/mime-db/-/mime-db-1.52.0.tgz. Extracting by manifest.
445 silly tarball no local data for safer-buffer@https://registry.npmjs.org/safer-buffer/-/safer-buffer-2.1.2.tgz. Extracting by manifest.
446 silly tarball no local data for toidentifier@https://registry.npmjs.org/toidentifier/-/toidentifier-1.0.1.tgz. Extracting by manifest.
447 silly tarball no local data for inherits@https://registry.npmjs.org/inherits/-/inherits-2.0.4.tgz. Extracting by manifest.
448 silly tarball no local data for ms@https://registry.npmjs.org/ms/-/ms-2.0.0.tgz. Extracting by manifest.
449 silly tarball no local data for unpipe@https://registry.npmjs.org/unpipe/-/unpipe-1.0.0.tgz. Extracting by manifest.
450 silly tarball no local data for raw-body@https://registry.npmjs.org/raw-body/-/raw-body-2.5.2.tgz. Extracting by manifest.
451 silly tarball no local data for iconv-lite@https://registry.npmjs.org/iconv-lite/-/iconv-lite-0.4.24.tgz. Extracting by manifest.
452 silly tarball no local data for destroy@https://registry.npmjs.org/destroy/-/destroy-1.2.0.tgz. Extracting by manifest.
453 silly tarball no local data for bytes@https://registry.npmjs.org/bytes/-/bytes-3.1.2.tgz. Extracting by manifest.
454 silly tarball no local data for negotiator@https://registry.npmjs.org/negotiator/-/negotiator-0.6.3.tgz. Extracting by manifest.
455 silly tarball no local data for mime-types@https://registry.npmjs.org/mime-types/-/mime-types-2.1.35.tgz. Extracting by manifest.
456 silly tarball no local data for vary@https://registry.npmjs.org/vary/-/vary-1.1.2.tgz. Extracting by manifest.
457 silly tarball no local data for type-is@https://registry.npmjs.org/type-is/-/type-is-1.6.18.tgz. Extracting by manifest.
458 silly tarball no local data for utils-merge@https://registry.npmjs.org/utils-merge/-/utils-merge-1.0.1.tgz. Extracting by manifest.
459 silly tarball no local data for statuses@https://registry.npmjs.org/statuses/-/statuses-2.0.1.tgz. Extracting by manifest.
460 silly tarball no local data for serve-static@https://registry.npmjs.org/serve-static/-/serve-static-1.15.0.tgz. Extracting by manifest.
461 silly tarball no local data for setprototypeof@https://registry.npmjs.org/setprototypeof/-/setprototypeof-1.2.0.tgz. Extracting by manifest.
462 silly tarball no local data for send@https://registry.npmjs.org/send/-/send-0.18.0.tgz. Extracting by manifest.
463 silly tarball no local data for safe-buffer@https://registry.npmjs.org/safe-buffer/-/safe-buffer-5.2.1.tgz. Extracting by manifest.
464 silly tarball no local data for range-parser@https://registry.npmjs.org/range-parser/-/range-parser-1.2.1.tgz. Extracting by manifest.
465 silly tarball no local data for qs@https://registry.npmjs.org/qs/-/qs-6.11.0.tgz. Extracting by manifest.
466 silly tarball no local data for proxy-addr@https://registry.npmjs.org/proxy-addr/-/proxy-addr-2.0.7.tgz. Extracting by manifest.
467 silly tarball no local data for path-to-regexp@https://registry.npmjs.org/path-to-regexp/-/path-to-regexp-0.1.7.tgz. Extracting by manifest.
468 silly tarball no local data for parseurl@https://registry.npmjs.org/parseurl/-/parseurl-1.3.3.tgz. Extracting by manifest.
469 silly tarball no local data for on-finished@https://registry.npmjs.org/on-finished/-/on-finished-2.4.1.tgz. Extracting by manifest.
470 silly tarball no local data for methods@https://registry.npmjs.org/methods/-/methods-1.1.2.tgz. Extracting by manifest.
471 silly tarball no local data for merge-descriptors@https://registry.npmjs.org/merge-descriptors/-/merge-descriptors-1.0.1.tgz. Extracting by manifest.
472 silly tarball no local data for array-flatten@https://registry.npmjs.org/array-flatten/-/array-flatten-1.1.1.tgz. Extracting by manifest.
473 silly tarball no local data for accepts@https://registry.npmjs.org/accepts/-/accepts-1.3.8.tgz. Extracting by manifest.
474 silly tarball no local data for mongoose@https://registry.npmjs.org/mongoose/-/mongoose-8.2.1.tgz. Extracting by manifest.
475 silly tarball no local data for express@https://registry.npmjs.org/express/-/express-4.18.3.tgz. Extracting by manifest.
476 silly tarball no local data for ms@https://registry.npmjs.org/ms/-/ms-2.1.2.tgz. Extracting by manifest.
477 silly tarball no local data for debug@https://registry.npmjs.org/debug/-/debug-4.3.4.tgz. Extracting by manifest.
478 silly tarball no local data for ms@https://registry.npmjs.org/ms/-/ms-2.1.3.tgz. Extracting by manifest.
479 silly tarball no local data for ms@https://registry.npmjs.org/ms/-/ms-2.1.3.tgz. Extracting by manifest.
480 http fetch GET 200 https://registry.npmjs.org/webidl-conversions/-/webidl-conversions-7.0.0.tgz 1331ms (cache miss)
481 timing reifyNode:node_modules/webidl-conversions Completed in 1409ms
482 http fetch GET 200 https://registry.npmjs.org/punycode/-/punycode-2.3.1.tgz 1362ms (cache miss)
483 timing reifyNode:node_modules/punycode Completed in 1437ms
484 http fetch GET 200 https://registry.npmjs.org/cookie-signature/-/cookie-signature-1.0.6.tgz 1365ms (cache miss)
485 timing reifyNode:node_modules/cookie-signature Completed in 1480ms
486 http fetch GET 200 https://registry.npmjs.org/memory-pager/-/memory-pager-1.5.0.tgz 1446ms (cache miss)
487 timing reifyNode:node_modules/memory-pager Completed in 1527ms
488 http fetch GET 200 https://registry.npmjs.org/unpipe/-/unpipe-1.0.0.tgz 1309ms (cache miss)
489 timing reifyNode:node_modules/unpipe Completed in 1525ms
490 http fetch GET 200 https://registry.npmjs.org/@types/webidl-conversions/-/webidl-conversions-7.0.3.tgz 1433ms (cache miss)
491 timing reifyNode:node_modules/@types/webidl-conversions Completed in 1537ms
492 http fetch GET 200 https://registry.npmjs.org/gopd/-/gopd-1.0.1.tgz 1463ms (cache miss)
493 timing reifyNode:node_modules/gopd Completed in 1547ms
494 http fetch GET 200 https://registry.npmjs.org/media-typer/-/media-typer-0.3.0.tgz 1505ms (cache miss)
495 timing reifyNode:node_modules/media-typer Completed in 1586ms
496 http fetch GET 200 https://registry.npmjs.org/ee-first/-/ee-first-1.1.1.tgz 1482ms (cache miss)
497 timing reifyNode:node_modules/ee-first Completed in 1585ms
498 http fetch GET 200 https://registry.npmjs.org/utils-merge/-/utils-merge-1.0.1.tgz 1357ms (cache miss)
499 timing reifyNode:node_modules/utils-merge Completed in 1579ms
500 http fetch GET 200 https://registry.npmjs.org/inherits/-/inherits-2.0.4.tgz 1388ms (cache miss)
501 timing reifyNode:node_modules/inherits Completed in 1601ms
502 http fetch GET 200 https://registry.npmjs.org/range-parser/-/range-parser-1.2.1.tgz 1373ms (cache miss)
503 timing reifyNode:node_modules/range-parser Completed in 1602ms
504 http fetch GET 200 https://registry.npmjs.org/merge-descriptors/-/merge-descriptors-1.0.1.tgz 1331ms (cache miss)
505 timing reifyNode:node_modules/merge-descriptors Completed in 1624ms
506 http fetch GET 200 https://registry.npmjs.org/path-to-regexp/-/path-to-regexp-0.1.7.tgz 1393ms (cache miss)
507 timing reifyNode:node_modules/path-to-regexp Completed in 1625ms
508 http fetch GET 200 https://registry.npmjs.org/has-property-descriptors/-/has-property-descriptors-1.0.2.tgz 1553ms (cache miss)
509 timing reifyNode:node_modules/has-property-descriptors Completed in 1635ms
510 http fetch GET 200 https://registry.npmjs.org/forwarded/-/forwarded-0.2.0.tgz 1533ms (cache miss)
511 timing reifyNode:node_modules/forwarded Completed in 1635ms
512 http fetch GET 200 https://registry.npmjs.org/es-define-property/-/es-define-property-1.0.0.tgz 1544ms (cache miss)
513 http fetch GET 200 https://registry.npmjs.org/sparse-bitfield/-/sparse-bitfield-3.0.3.tgz 1527ms (cache miss)
514 timing reifyNode:node_modules/sparse-bitfield Completed in 1634ms
515 http fetch GET 200 https://registry.npmjs.org/methods/-/methods-1.1.2.tgz 1337ms (cache miss)
516 timing reifyNode:node_modules/methods Completed in 1629ms
517 http fetch GET 200 https://registry.npmjs.org/http-errors/-/http-errors-2.0.0.tgz 1523ms (cache miss)
518 timing reifyNode:node_modules/http-errors Completed in 1629ms
519 http fetch GET 200 https://registry.npmjs.org/finalhandler/-/finalhandler-1.2.0.tgz 1521ms (cache miss)
520 timing reifyNode:node_modules/finalhandler Completed in 1630ms
521 http fetch GET 200 https://registry.npmjs.org/ms/-/ms-2.1.2.tgz 1319ms (cache miss)
522 timing reifyNode:node_modules/mquery/node_modules/ms Completed in 1637ms
523 http fetch GET 200 https://registry.npmjs.org/has-proto/-/has-proto-1.0.3.tgz 1570ms (cache miss)
524 timing reifyNode:node_modules/has-proto Completed in 1661ms
525 http fetch GET 200 https://registry.npmjs.org/parseurl/-/parseurl-1.3.3.tgz 1367ms (cache miss)
526 timing reifyNode:node_modules/parseurl Completed in 1652ms
527 http fetch GET 200 https://registry.npmjs.org/setprototypeof/-/setprototypeof-1.2.0.tgz 1428ms (cache miss)
528 timing reifyNode:node_modules/setprototypeof Completed in 1654ms
529 http fetch GET 200 https://registry.npmjs.org/fresh/-/fresh-0.5.2.tgz 1546ms (cache miss)
530 timing reifyNode:node_modules/fresh Completed in 1653ms
531 http fetch GET 200 https://registry.npmjs.org/@types/whatwg-url/-/whatwg-url-11.0.4.tgz 1554ms (cache miss)
532 timing reifyNode:node_modules/@types/whatwg-url Completed in 1660ms
533 http fetch GET 200 https://registry.npmjs.org/ms/-/ms-2.0.0.tgz 1447ms (cache miss)
534 timing reifyNode:node_modules/ms Completed in 1660ms
535 http fetch GET 200 https://registry.npmjs.org/destroy/-/destroy-1.2.0.tgz 1441ms (cache miss)
536 timing reifyNode:node_modules/destroy Completed in 1660ms
537 http fetch GET 200 https://registry.npmjs.org/mime-types/-/mime-types-2.1.35.tgz 1439ms (cache miss)
538 timing reifyNode:node_modules/mime-types Completed in 1661ms
539 http fetch GET 200 https://registry.npmjs.org/etag/-/etag-1.8.1.tgz 1551ms (cache miss)
540 timing reifyNode:node_modules/etag Completed in 1661ms
541 http fetch GET 200 https://registry.npmjs.org/toidentifier/-/toidentifier-1.0.1.tgz 1456ms (cache miss)
542 timing reifyNode:node_modules/toidentifier Completed in 1667ms
543 http fetch GET 200 https://registry.npmjs.org/escape-html/-/escape-html-1.0.3.tgz 1550ms (cache miss)
544 timing reifyNode:node_modules/escape-html Completed in 1662ms
545 http fetch GET 200 https://registry.npmjs.org/content-type/-/content-type-1.0.5.tgz 1543ms (cache miss)
546 timing reifyNode:node_modules/content-type Completed in 1662ms
547 http fetch GET 200 https://registry.npmjs.org/hasown/-/hasown-2.0.1.tgz 1585ms (cache miss)
548 timing reifyNode:node_modules/hasown Completed in 1671ms
549 http fetch GET 200 https://registry.npmjs.org/array-flatten/-/array-flatten-1.1.1.tgz 1368ms (cache miss)
550 timing reifyNode:node_modules/array-flatten Completed in 1662ms
551 timing reifyNode:node_modules/es-define-property Completed in 1671ms
552 http fetch GET 200 https://registry.npmjs.org/on-finished/-/on-finished-2.4.1.tgz 1376ms (cache miss)
553 timing reifyNode:node_modules/on-finished Completed in 1665ms
554 http fetch GET 200 https://registry.npmjs.org/content-disposition/-/content-disposition-0.5.4.tgz 1474ms (cache miss)
555 timing reifyNode:node_modules/content-disposition Completed in 1667ms
556 http fetch GET 200 https://registry.npmjs.org/negotiator/-/negotiator-0.6.3.tgz 1456ms (cache miss)
557 timing reifyNode:node_modules/negotiator Completed in 1672ms
558 http fetch GET 200 https://registry.npmjs.org/ms/-/ms-2.1.3.tgz 1359ms (cache miss)
559 timing reifyNode:node_modules/mongoose/node_modules/ms Completed in 1671ms
560 http fetch GET 200 https://registry.npmjs.org/bytes/-/bytes-3.1.2.tgz 1459ms (cache miss)
561 timing reifyNode:node_modules/bytes Completed in 1675ms
562 http fetch GET 200 https://registry.npmjs.org/vary/-/vary-1.1.2.tgz 1455ms (cache miss)
563 timing reifyNode:node_modules/vary Completed in 1674ms
564 http fetch GET 200 https://registry.npmjs.org/encodeurl/-/encodeurl-1.0.2.tgz 1561ms (cache miss)
565 timing reifyNode:node_modules/encodeurl Completed in 1673ms
566 http fetch GET 200 https://registry.npmjs.org/statuses/-/statuses-2.0.1.tgz 1452ms (cache miss)
567 timing reifyNode:node_modules/statuses Completed in 1675ms
568 http fetch GET 200 https://registry.npmjs.org/type-is/-/type-is-1.6.18.tgz 1485ms (cache miss)
569 timing reifyNode:node_modules/type-is Completed in 1705ms
570 http fetch GET 200 https://registry.npmjs.org/proxy-addr/-/proxy-addr-2.0.7.tgz 1474ms (cache miss)
571 timing reifyNode:node_modules/proxy-addr Completed in 1705ms
572 http fetch GET 200 https://registry.npmjs.org/accepts/-/accepts-1.3.8.tgz 1413ms (cache miss)
573 timing reifyNode:node_modules/accepts Completed in 1708ms
574 http fetch GET 200 https://registry.npmjs.org/ms/-/ms-2.1.3.tgz 1395ms (cache miss)
575 timing reifyNode:node_modules/send/node_modules/ms Completed in 1711ms
576 http fetch GET 200 https://registry.npmjs.org/depd/-/depd-2.0.0.tgz 1614ms (cache miss)
577 timing reifyNode:node_modules/depd Completed in 1729ms
578 http fetch GET 200 https://registry.npmjs.org/kareem/-/kareem-2.5.1.tgz 1529ms (cache miss)
579 timing reifyNode:node_modules/kareem Completed in 1735ms
580 http fetch GET 200 https://registry.npmjs.org/safe-buffer/-/safe-buffer-5.2.1.tgz 1523ms (cache miss)
581 timing reifyNode:node_modules/safe-buffer Completed in 1751ms
582 http fetch GET 200 https://registry.npmjs.org/ipaddr.js/-/ipaddr.js-1.9.1.tgz 1659ms (cache miss)
583 timing reifyNode:node_modules/ipaddr.js Completed in 1759ms
584 http fetch GET 200 https://registry.npmjs.org/es-errors/-/es-errors-1.3.0.tgz 1669ms (cache miss)
585 timing reifyNode:node_modules/es-errors Completed in 1765ms
586 http fetch GET 200 https://registry.npmjs.org/raw-body/-/raw-body-2.5.2.tgz 1547ms (cache miss)
587 timing reifyNode:node_modules/raw-body Completed in 1763ms
588 http fetch GET 200 https://registry.npmjs.org/cookie/-/cookie-0.5.0.tgz 1640ms (cache miss)
589 timing reifyNode:node_modules/cookie Completed in 1758ms
590 http fetch GET 200 https://registry.npmjs.org/get-intrinsic/-/get-intrinsic-1.2.4.tgz 1677ms (cache miss)
591 timing reifyNode:node_modules/get-intrinsic Completed in 1772ms
592 http fetch GET 200 https://registry.npmjs.org/call-bind/-/call-bind-1.0.7.tgz 1675ms (cache miss)
593 timing reifyNode:node_modules/call-bind Completed in 1773ms
594 http fetch GET 200 https://registry.npmjs.org/mongodb-connection-string-url/-/mongodb-connection-string-url-3.0.0.tgz 1663ms (cache miss)
595 timing reifyNode:node_modules/mongodb-connection-string-url Completed in 1772ms
596 http fetch GET 200 https://registry.npmjs.org/serve-static/-/serve-static-1.15.0.tgz 1543ms (cache miss)
597 timing reifyNode:node_modules/serve-static Completed in 1767ms
598 http fetch GET 200 https://registry.npmjs.org/set-function-length/-/set-function-length-1.2.1.tgz 1686ms (cache miss)
599 timing reifyNode:node_modules/set-function-length Completed in 1775ms
600 http fetch GET 200 https://registry.npmjs.org/define-data-property/-/define-data-property-1.1.4.tgz 1700ms (cache miss)
601 timing reifyNode:node_modules/define-data-property Completed in 1784ms
602 http fetch GET 200 https://registry.npmjs.org/has-symbols/-/has-symbols-1.0.3.tgz 1700ms (cache miss)
603 timing reifyNode:node_modules/has-symbols Completed in 1787ms
604 http fetch GET 200 https://registry.npmjs.org/safer-buffer/-/safer-buffer-2.1.2.tgz 1575ms (cache miss)
605 timing reifyNode:node_modules/safer-buffer Completed in 1785ms
606 http fetch GET 200 https://registry.npmjs.org/send/-/send-0.18.0.tgz 1560ms (cache miss)
607 timing reifyNode:node_modules/send Completed in 1787ms
608 http fetch GET 200 https://registry.npmjs.org/mpath/-/mpath-0.9.0.tgz 1590ms (cache miss)
609 timing reifyNode:node_modules/mpath Completed in 1793ms
610 http fetch GET 200 https://registry.npmjs.org/function-bind/-/function-bind-1.1.2.tgz 1705ms (cache miss)
611 timing reifyNode:node_modules/function-bind Completed in 1795ms
612 http fetch GET 200 https://registry.npmjs.org/side-channel/-/side-channel-1.0.6.tgz 1696ms (cache miss)
613 timing reifyNode:node_modules/side-channel Completed in 1795ms
614 http fetch GET 200 https://registry.npmjs.org/debug/-/debug-4.3.4.tgz 1510ms (cache miss)
615 timing reifyNode:node_modules/mquery/node_modules/debug Completed in 1829ms
616 http fetch GET 200 https://registry.npmjs.org/mime/-/mime-1.6.0.tgz 1741ms (cache miss)
617 timing reifyNode:node_modules/mime Completed in 1840ms
618 http fetch GET 200 https://registry.npmjs.org/mime-db/-/mime-db-1.52.0.tgz 1630ms (cache miss)
619 timing reifyNode:node_modules/mime-db Completed in 1838ms
620 http fetch GET 200 https://registry.npmjs.org/body-parser/-/body-parser-1.20.2.tgz 1650ms (cache miss)
621 timing reifyNode:node_modules/body-parser Completed in 1844ms
622 http fetch GET 200 https://registry.npmjs.org/debug/-/debug-2.6.9.tgz 1732ms (cache miss)
623 timing reifyNode:node_modules/debug Completed in 1849ms
624 http fetch GET 200 https://registry.npmjs.org/whatwg-url/-/whatwg-url-13.0.0.tgz 1780ms (cache miss)
625 timing reifyNode:node_modules/whatwg-url Completed in 1885ms
626 http fetch GET 200 https://registry.npmjs.org/mquery/-/mquery-5.0.0.tgz 1721ms (cache miss)
627 timing reifyNode:node_modules/mquery Completed in 1925ms
628 http fetch GET 200 https://registry.npmjs.org/tr46/-/tr46-4.1.1.tgz 1862ms (cache miss)
629 timing reifyNode:node_modules/tr46 Completed in 1940ms
630 http fetch GET 200 https://registry.npmjs.org/qs/-/qs-6.11.0.tgz 1727ms (cache miss)
631 timing reifyNode:node_modules/qs Completed in 1957ms
632 http fetch GET 200 https://registry.npmjs.org/object-inspect/-/object-inspect-1.13.1.tgz 1873ms (cache miss)
633 timing reifyNode:node_modules/object-inspect Completed in 1966ms
634 http fetch GET 200 https://registry.npmjs.org/express/-/express-4.18.3.tgz 1657ms (cache miss)
635 timing reifyNode:node_modules/express Completed in 1965ms
636 http fetch GET 200 https://registry.npmjs.org/sift/-/sift-16.0.1.tgz 1794ms (cache miss)
637 timing reifyNode:node_modules/sift Completed in 2000ms
638 http fetch GET 200 https://registry.npmjs.org/@mongodb-js/saslprep/-/saslprep-1.1.5.tgz 1897ms (cache miss)
639 timing reifyNode:node_modules/@mongodb-js/saslprep Completed in 2007ms
640 http fetch GET 200 https://registry.npmjs.org/iconv-lite/-/iconv-lite-0.4.24.tgz 1807ms (cache miss)
641 timing reifyNode:node_modules/iconv-lite Completed in 2025ms
642 http fetch GET 200 https://registry.npmjs.org/bson/-/bson-6.4.0.tgz 1945ms (cache miss)
643 timing reifyNode:node_modules/bson Completed in 2155ms
644 http fetch GET 200 https://registry.npmjs.org/mongoose/-/mongoose-8.2.1.tgz 2101ms (cache miss)
645 timing reifyNode:node_modules/mongoose Completed in 2398ms
646 http fetch GET 200 https://registry.npmjs.org/mongodb/-/mongodb-6.3.0.tgz 2249ms (cache miss)
647 timing reifyNode:node_modules/mongodb Completed in 2455ms
648 timing reify:unpack Completed in 2459ms
649 timing reify:unretire Completed in 0ms
650 timing build:queue Completed in 6ms
651 timing build:link:node_modules/mime Completed in 3ms
652 timing build:link Completed in 4ms
653 timing build:deps Completed in 10ms
654 timing build Completed in 10ms
655 timing reify:build Completed in 11ms
656 timing reify:trash Completed in 0ms
657 timing reify:save Completed in 54ms
658 timing reify Completed in 10020ms
659 silly ADD node_modules/punycode
660 silly ADD node_modules/webidl-conversions
661 silly ADD node_modules/tr46
662 silly ADD node_modules/media-typer
663 silly ADD node_modules/memory-pager
664 silly ADD node_modules/has-property-descriptors
665 silly ADD node_modules/gopd
666 silly ADD node_modules/define-data-property
667 silly ADD node_modules/hasown
668 silly ADD node_modules/has-symbols
669 silly ADD node_modules/has-proto
670 silly ADD node_modules/set-function-length
671 silly ADD node_modules/function-bind
672 silly ADD node_modules/es-define-property
673 silly ADD node_modules/object-inspect
674 silly ADD node_modules/get-intrinsic
675 silly ADD node_modules/es-errors
676 silly ADD node_modules/call-bind
677 silly ADD node_modules/mime
678 silly ADD node_modules/side-channel
679 silly ADD node_modules/ipaddr.js
680 silly ADD node_modules/forwarded
681 silly ADD node_modules/ee-first
682 silly ADD node_modules/@types/webidl-conversions
683 silly ADD node_modules/whatwg-url
684 silly ADD node_modules/@types/whatwg-url
685 silly ADD node_modules/sparse-bitfield
686 silly ADD node_modules/mongodb-connection-string-url
687 silly ADD node_modules/@mongodb-js/saslprep
688 silly ADD node_modules/sift
689 silly ADD node_modules/mquery
690 silly ADD node_modules/mquery/node_modules/ms
691 silly ADD node_modules/mquery/node_modules/debug
692 silly ADD node_modules/mpath
693 silly ADD node_modules/mongodb
694 silly ADD node_modules/kareem
695 silly ADD node_modules/bson
696 silly ADD node_modules/mime-db
697 silly ADD node_modules/safer-buffer
698 silly ADD node_modules/toidentifier
699 silly ADD node_modules/inherits
700 silly ADD node_modules/ms
701 silly ADD node_modules/unpipe
702 silly ADD node_modules/raw-body
703 silly ADD node_modules/iconv-lite
704 silly ADD node_modules/destroy
705 silly ADD node_modules/bytes
706 silly ADD node_modules/negotiator
707 silly ADD node_modules/mime-types
708 silly ADD node_modules/vary
709 silly ADD node_modules/utils-merge
710 silly ADD node_modules/type-is
711 silly ADD node_modules/statuses
712 silly ADD node_modules/setprototypeof
713 silly ADD node_modules/serve-static
714 silly ADD node_modules/send
715 silly ADD node_modules/send/node_modules/ms
716 silly ADD node_modules/safe-buffer
717 silly ADD node_modules/range-parser
718 silly ADD node_modules/qs
719 silly ADD node_modules/proxy-addr
720 silly ADD node_modules/path-to-regexp
721 silly ADD node_modules/parseurl
722 silly ADD node_modules/on-finished
723 silly ADD node_modules/methods
724 silly ADD node_modules/merge-descriptors
725 silly ADD node_modules/http-errors
726 silly ADD node_modules/fresh
727 silly ADD node_modules/finalhandler
728 silly ADD node_modules/etag
729 silly ADD node_modules/escape-html
730 silly ADD node_modules/encodeurl
731 silly ADD node_modules/depd
732 silly ADD node_modules/debug
733 silly ADD node_modules/cookie-signature
734 silly ADD node_modules/cookie
735 silly ADD node_modules/content-type
736 silly ADD node_modules/content-disposition
737 silly ADD node_modules/body-parser
738 silly ADD node_modules/array-flatten
739 silly ADD node_modules/accepts
740 silly ADD node_modules/mongoose
741 silly ADD node_modules/mongoose/node_modules/ms
742 silly ADD node_modules/express
743 timing command:install Completed in 10035ms
744 notice
744 notice New [33mminor[39m version of npm available! [31m10.4.0[39m -> [32m10.5.0[39m
744 notice Changelog: [36mhttps://github.com/npm/cli/releases/tag/v10.5.0[39m
744 notice Run [32mnpm install -g npm@10.5.0[39m to update!
744 notice
745 verbose exit 0
746 timing npm Completed in 10711ms
747 info ok
