2024-03-31 10:32:19.037 [info] Extension host with pid 1577 started
2024-03-31 10:32:19.267 [info] ExtensionService#_doActivateExtension vscode.emmet, startup: false, activationEvent: 'onLanguage'
2024-03-31 10:32:20.270 [info] ExtensionService#_doActivateExtension vscode.git-base, startup: true, activationEvent: '*', root cause: vscode.git
2024-03-31 10:32:20.415 [error] No bundle location found for extension vscode.emmet
2024-03-31 10:32:20.815 [error] No bundle location found for extension vscode.git-base
2024-03-31 10:32:20.820 [info] ExtensionService#_doActivateExtension vscode.git, startup: true, activationEvent: '*'
2024-03-31 10:32:20.821 [info] ExtensionService#_doActivateExtension vscode.github, startup: true, activationEvent: '*'
2024-03-31 10:32:21.243 [error] No bundle location found for extension vscode.git
2024-03-31 10:32:21.347 [warning] Using default string since no string found in i18n bundle that has the key: Log level: {0}
2024-03-31 10:32:21.350 [warning] Using default string since no string found in i18n bundle that has the key: Validating found git in: "{0}"
2024-03-31 10:32:21.360 [error] No bundle location found for extension vscode.github
2024-03-31 10:32:21.403 [warning] Using default string since no string found in i18n bundle that has the key: Log level: {0}
2024-03-31 10:32:21.411 [warning] Using default string since no string found in i18n bundle that has the key: Enables the following features: {0}
2024-03-31 10:32:21.411 [warning] Using default string since no string found in i18n bundle that has the key: Using git "{0}" from "{1}"
2024-03-31 10:32:21.421 [warning] Using default string since no string found in i18n bundle that has the key: Git History
2024-03-31 10:32:21.425 [warning] Using default string since no string found in i18n bundle that has the key: Copy vscode.dev Link
2024-03-31 10:32:21.425 [info] Eager extensions activated
2024-03-31 10:32:21.426 [info] ExtensionService#_doActivateExtension EditorConfig.EditorConfig, startup: false, activationEvent: 'onStartupFinished'
2024-03-31 10:32:21.426 [info] ExtensionService#_doActivateExtension google.cloud-shell, startup: false, activationEvent: 'onStartupFinished'
2024-03-31 10:32:21.427 [info] ExtensionService#_doActivateExtension googlecloudtools.cloudcode, startup: false, activationEvent: 'onStartupFinished'
2024-03-31 10:32:21.427 [info] ExtensionService#_doActivateExtension vscode.debug-auto-launch, startup: false, activationEvent: 'onStartupFinished'
2024-03-31 10:32:21.427 [info] ExtensionService#_doActivateExtension vscode.merge-conflict, startup: false, activationEvent: 'onStartupFinished'
2024-03-31 10:32:21.989 [error] No bundle location found for extension googlecloudtools.cloudcode
2024-03-31 10:32:24.220 [error] No bundle location found for extension vscode.debug-auto-launch
2024-03-31 10:32:24.220 [error] No bundle location found for extension vscode.merge-conflict
2024-03-31 10:32:24.220 [error] No bundle location found for extension google.cloud-shell
2024-03-31 10:32:24.220 [error] No bundle location found for extension EditorConfig.EditorConfig
2024-03-31 10:32:24.224 [warning] Using default string since no string found in i18n bundle that has the key: Auto Attach: Disabled
2024-03-31 10:32:24.224 [warning] Using default string since no string found in i18n bundle that has the key: Auto Attach: Always
2024-03-31 10:32:24.224 [warning] Using default string since no string found in i18n bundle that has the key: Auto Attach: Smart
2024-03-31 10:32:24.224 [warning] Using default string since no string found in i18n bundle that has the key: Auto Attach: With Flag
2024-03-31 10:32:24.224 [warning] Using default string since no string found in i18n bundle that has the key: Disabled
2024-03-31 10:32:24.225 [warning] Using default string since no string found in i18n bundle that has the key: Always
2024-03-31 10:32:24.225 [warning] Using default string since no string found in i18n bundle that has the key: Smart
2024-03-31 10:32:24.225 [warning] Using default string since no string found in i18n bundle that has the key: Only With Flag
2024-03-31 10:32:24.225 [warning] Using default string since no string found in i18n bundle that has the key: Auto attach is disabled and not shown in status bar
2024-03-31 10:32:24.225 [warning] Using default string since no string found in i18n bundle that has the key: Auto attach to every Node.js process launched in the terminal
2024-03-31 10:32:24.225 [warning] Using default string since no string found in i18n bundle that has the key: Auto attach when running scripts that aren't in a node_modules folder
2024-03-31 10:32:24.225 [warning] Using default string since no string found in i18n bundle that has the key: Only auto attach when the `--inspect` flag is given
2024-03-31 10:32:24.225 [warning] Using default string since no string found in i18n bundle that has the key: Toggle auto attach in this workspace
2024-03-31 10:32:24.225 [warning] Using default string since no string found in i18n bundle that has the key: Toggle auto attach on this machine
2024-03-31 10:32:24.225 [warning] Using default string since no string found in i18n bundle that has the key: Temporarily disable auto attach in this session
2024-03-31 10:32:24.225 [warning] Using default string since no string found in i18n bundle that has the key: Re-enable auto attach
2024-03-31 10:32:24.225 [warning] Using default string since no string found in i18n bundle that has the key: Auto Attach: Disabled
2024-03-31 10:32:24.320 [warning] Using default string since no string found in i18n bundle that has the key: (Current Change)
2024-03-31 10:32:24.320 [warning] Using default string since no string found in i18n bundle that has the key: (Incoming Change)
2024-03-31 10:32:24.469 [info] ExtensionService#_doActivateExtension vscode.json-language-features, startup: false, activationEvent: 'onLanguage:jsonc'
2024-03-31 10:32:24.470 [info] ExtensionService#_doActivateExtension vscode.typescript-language-features, startup: false, activationEvent: 'onLanguage:jsonc'
2024-03-31 10:32:24.626 [warning] Using default string since no string found in i18n bundle that has the key: (Current Change)
2024-03-31 10:32:24.626 [warning] Using default string since no string found in i18n bundle that has the key: (Incoming Change)
2024-03-31 10:32:24.883 [error] No bundle location found for extension vscode.typescript-language-features
2024-03-31 10:32:24.962 [warning] Using default string since no string found in i18n bundle that has the key: Learn more about managing TypeScript versions
2024-03-31 10:32:25.137 [error] No bundle location found for extension vscode.json-language-features
2024-03-31 10:32:25.249 [warning] Using default string since no string found in i18n bundle that has the key: Configure
2024-03-31 10:32:25.249 [warning] Using default string since no string found in i18n bundle that has the key: JSON Language Server
2024-03-31 10:32:25.260 [warning] Using default string since no string found in i18n bundle that has the key: JSON: Schema Resolution Error
2024-03-31 10:32:25.454 [warning] Using default string since no string found in i18n bundle that has the key: Unable to resolve schema. Click to retry.
2024-03-31 10:32:25.455 [warning] Using default string since no string found in i18n bundle that has the key: JSON Validation Status
2024-03-31 10:32:25.455 [warning] Using default string since no string found in i18n bundle that has the key: Unable to compute used schemas: No document
2024-03-31 10:51:17.753 [info] Extension host terminating: received terminate message from renderer
2024-03-31 10:51:17.781 [info] Extension host with pid 1577 exiting with code 0
